grep: warning: GREP_OPTIONS is deprecated; please use an alias or script
W1210 12:51:07.208526 29730 device_context.cc:320] Please NOTE: device: 0, CUDA Capability: 61, Driver API Version: 10.1, Runtime API Version: 9.0
W1210 12:51:07.208724 29730 device_context.cc:328] device: 0, cuDNN Version: 7.6.
cfg.weights:  faster_rcnn_r50_dcn_vd/faster_rcnn_dcn_r50_vd_fpn_2x.pdparams
loading annotations into memory...
Done (t=0.02s)
creating index...
index created!
/paddle/paddle_2.0/convert_1208/PaddleDetection/ppdet/core/workspace.py:146: DeprecationWarning: Using or importing the ABCs from 'collections' instead of from 'collections.abc' is deprecated, and in 3.8 it will stop working
  isinstance(merge_dct[k], collections.Mapping)):
2020-12-10 12:51:13,567-INFO: Eval iter: 0
before fpn
ee [1, 256, 248, 200] 1392688.8
ee [1, 512, 124, 100] 1236118.2
ee [1, 1024, 62, 50] 421408.44
ee [1, 2048, 31, 25] 304337.84
get fet [554, 256, 7, 7]
get fet [192, 256, 7, 7]
get fet [208, 256, 7, 7]
get fet [46, 256, 7, 7]
before fpn
ee [1, 256, 200, 272] 1565443.6
ee [1, 512, 100, 136] 1384303.5
ee [1, 1024, 50, 68] 465700.84
ee [1, 2048, 25, 34] 378279.1
get fet [495, 256, 7, 7]
get fet [220, 256, 7, 7]
get fet [247, 256, 7, 7]
get fet [38, 256, 7, 7]
before fpn
ee [1, 256, 200, 304] 1703647.9
ee [1, 512, 100, 152] 1286263.2
ee [1, 1024, 50, 76] 356603.2
ee [1, 2048, 25, 38] 225119.2
get fet [627, 256, 7, 7]
get fet [208, 256, 7, 7]
get fet [137, 256, 7, 7]
get fet [28, 256, 7, 7]
before fpn
ee [1, 256, 200, 304] 1797734.8
ee [1, 512, 100, 152] 1506849.0
ee [1, 1024, 50, 76] 439566.2
ee [1, 2048, 25, 38] 178268.52
get fet [600, 256, 7, 7]
get fet [252, 256, 7, 7]
get fet [137, 256, 7, 7]
get fet [11, 256, 7, 7]
before fpn
ee [1, 256, 200, 304] 1800254.8
ee [1, 512, 100, 152] 1674546.6
ee [1, 1024, 50, 76] 582745.25
ee [1, 2048, 25, 38] 372944.25
get fet [416, 256, 7, 7]
get fet [287, 256, 7, 7]
get fet [224, 256, 7, 7]
get fet [73, 256, 7, 7]
before fpn
ee [1, 256, 200, 272] 1718209.6
ee [1, 512, 100, 136] 1568583.0
ee [1, 1024, 50, 68] 460769.97
ee [1, 2048, 25, 34] 229494.89
get fet [527, 256, 7, 7]
get fet [280, 256, 7, 7]
get fet [169, 256, 7, 7]
get fet [24, 256, 7, 7]
before fpn
ee [1, 256, 200, 304] 1858879.8
ee [1, 512, 100, 152] 1652234.1
ee [1, 1024, 50, 76] 514984.28
ee [1, 2048, 25, 38] 240047.77
get fet [470, 256, 7, 7]
get fet [292, 256, 7, 7]
get fet [208, 256, 7, 7]
get fet [30, 256, 7, 7]
before fpn
ee [1, 256, 200, 304] 1933980.8
ee [1, 512, 100, 152] 1659979.6
ee [1, 1024, 50, 76] 499825.38
ee [1, 2048, 25, 38] 448048.75
get fet [588, 256, 7, 7]
get fet [144, 256, 7, 7]
get fet [226, 256, 7, 7]
get fet [42, 256, 7, 7]
before fpn
ee [1, 256, 200, 272] 1608609.2
ee [1, 512, 100, 136] 1248577.0
ee [1, 1024, 50, 68] 364032.1
ee [1, 2048, 25, 34] 211307.7
get fet [696, 256, 7, 7]
get fet [187, 256, 7, 7]
get fet [99, 256, 7, 7]
get fet [18, 256, 7, 7]
before fpn
ee [1, 256, 200, 320] 1824200.0
ee [1, 512, 100, 160] 1484755.2
ee [1, 1024, 50, 80] 393032.7
ee [1, 2048, 25, 40] 191264.8
get fet [754, 256, 7, 7]
get fet [131, 256, 7, 7]
get fet [97, 256, 7, 7]
get fet [18, 256, 7, 7]
before fpn
ee [1, 256, 304, 200] 1937422.5
ee [1, 512, 152, 100] 1738009.8
ee [1, 1024, 76, 50] 534341.8
ee [1, 2048, 38, 25] 223347.12
get fet [661, 256, 7, 7]
get fet [246, 256, 7, 7]
get fet [82, 256, 7, 7]
get fet [11, 256, 7, 7]
before fpn
ee [1, 256, 200, 304] 2019373.9
ee [1, 512, 100, 152] 1728093.8
ee [1, 1024, 50, 76] 480827.56
ee [1, 2048, 25, 38] 292313.4
get fet [725, 256, 7, 7]
get fet [126, 256, 7, 7]
get fet [119, 256, 7, 7]
get fet [30, 256, 7, 7]
before fpn
ee [1, 256, 200, 272] 1580378.2
ee [1, 512, 100, 136] 1373447.6
ee [1, 1024, 50, 68] 414519.7
ee [1, 2048, 25, 34] 204733.84
get fet [539, 256, 7, 7]
get fet [223, 256, 7, 7]
get fet [200, 256, 7, 7]
get fet [38, 256, 7, 7]
before fpn
ee [1, 256, 272, 200] 1748344.0
ee [1, 512, 136, 100] 1649247.2
ee [1, 1024, 68, 50] 507554.78
ee [1, 2048, 34, 25] 206506.89
get fet [695, 256, 7, 7]
get fet [190, 256, 7, 7]
get fet [96, 256, 7, 7]
get fet [19, 256, 7, 7]
before fpn
ee [1, 256, 224, 200] 1300496.4
ee [1, 512, 112, 100] 1050875.1
ee [1, 1024, 56, 50] 405695.97
ee [1, 2048, 28, 25] 200985.58
get fet [487, 256, 7, 7]
get fet [248, 256, 7, 7]
get fet [228, 256, 7, 7]
get fet [37, 256, 7, 7]
before fpn
ee [1, 256, 272, 200] 1662939.4
ee [1, 512, 136, 100] 1409721.2
ee [1, 1024, 68, 50] 446396.88
ee [1, 2048, 34, 25] 225617.77
get fet [652, 256, 7, 7]
get fet [150, 256, 7, 7]
get fet [168, 256, 7, 7]
get fet [30, 256, 7, 7]
before fpn
ee [1, 256, 296, 200] 1667466.1
ee [1, 512, 148, 100] 1383606.5
ee [1, 1024, 74, 50] 503080.97
ee [1, 2048, 37, 25] 331669.53
get fet [528, 256, 7, 7]
get fet [187, 256, 7, 7]
get fet [226, 256, 7, 7]
get fet [59, 256, 7, 7]
before fpn
ee [1, 256, 200, 272] 1473566.6
ee [1, 512, 100, 136] 1057046.9
ee [1, 1024, 50, 68] 279448.7
ee [1, 2048, 25, 34] 129193.02
get fet [527, 256, 7, 7]
get fet [296, 256, 7, 7]
get fet [156, 256, 7, 7]
get fet [21, 256, 7, 7]
before fpn
ee [1, 256, 200, 272] 1540182.6
ee [1, 512, 100, 136] 1243229.6
ee [1, 1024, 50, 68] 355788.1
ee [1, 2048, 25, 34] 184277.78
get fet [546, 256, 7, 7]
get fet [346, 256, 7, 7]
get fet [96, 256, 7, 7]
get fet [12, 256, 7, 7]
before fpn
ee [1, 256, 200, 272] 1538685.5
ee [1, 512, 100, 136] 1294883.1
ee [1, 1024, 50, 68] 401759.34
ee [1, 2048, 25, 34] 240273.17
get fet [529, 256, 7, 7]
get fet [251, 256, 7, 7]
get fet [195, 256, 7, 7]
get fet [25, 256, 7, 7]
before fpn
ee [1, 256, 200, 304] 1981419.8
ee [1, 512, 100, 152] 1553542.8
ee [1, 1024, 50, 76] 459250.22
ee [1, 2048, 25, 38] 338304.16
get fet [644, 256, 7, 7]
get fet [137, 256, 7, 7]
get fet [176, 256, 7, 7]
get fet [43, 256, 7, 7]
before fpn
ee [1, 256, 200, 272] 1619988.9
ee [1, 512, 100, 136] 1191163.8
ee [1, 1024, 50, 68] 322824.66
ee [1, 2048, 25, 34] 128862.03
get fet [628, 256, 7, 7]
get fet [286, 256, 7, 7]
get fet [73, 256, 7, 7]
get fet [13, 256, 7, 7]
before fpn
ee [1, 256, 200, 272] 1556150.4
ee [1, 512, 100, 136] 1364825.6
ee [1, 1024, 50, 68] 458038.47
ee [1, 2048, 25, 34] 248548.78
get fet [518, 256, 7, 7]
get fet [259, 256, 7, 7]
get fet [185, 256, 7, 7]
get fet [38, 256, 7, 7]
before fpn
ee [1, 256, 304, 200] 1893488.1
ee [1, 512, 152, 100] 1710306.0
ee [1, 1024, 76, 50] 540376.6
ee [1, 2048, 38, 25] 362793.97
get fet [433, 256, 7, 7]
get fet [274, 256, 7, 7]
get fet [231, 256, 7, 7]
get fet [62, 256, 7, 7]
before fpn
ee [1, 256, 304, 200] 1835511.8
ee [1, 512, 152, 100] 1606736.8
ee [1, 1024, 76, 50] 482974.8
ee [1, 2048, 38, 25] 178124.77
get fet [630, 256, 7, 7]
get fet [208, 256, 7, 7]
get fet [133, 256, 7, 7]
get fet [29, 256, 7, 7]
before fpn
ee [1, 256, 200, 272] 1524932.8
ee [1, 512, 100, 136] 1258629.0
ee [1, 1024, 50, 68] 384685.06
ee [1, 2048, 25, 34] 214984.73
get fet [790, 256, 7, 7]
get fet [131, 256, 7, 7]
get fet [69, 256, 7, 7]
get fet [10, 256, 7, 7]
before fpn
ee [1, 256, 200, 272] 1570538.0
ee [1, 512, 100, 136] 1419117.2
ee [1, 1024, 50, 68] 457222.6
ee [1, 2048, 25, 34] 200301.64
get fet [642, 256, 7, 7]
get fet [227, 256, 7, 7]
get fet [122, 256, 7, 7]
get fet [9, 256, 7, 7]
before fpn
ee [1, 256, 272, 200] 1600462.9
ee [1, 512, 136, 100] 1374991.8
ee [1, 1024, 68, 50] 432275.3
ee [1, 2048, 34, 25] 236714.56
get fet [720, 256, 7, 7]
get fet [191, 256, 7, 7]
get fet [73, 256, 7, 7]
get fet [16, 256, 7, 7]
before fpn
ee [1, 256, 200, 280] 1611974.9
ee [1, 512, 100, 140] 1438670.0
ee [1, 1024, 50, 70] 512633.9
ee [1, 2048, 25, 35] 540741.2
get fet [554, 256, 7, 7]
get fet [187, 256, 7, 7]
get fet [205, 256, 7, 7]
get fet [54, 256, 7, 7]
before fpn
ee [1, 256, 296, 200] 1762293.5
ee [1, 512, 148, 100] 1639087.1
ee [1, 1024, 74, 50] 544420.44
ee [1, 2048, 37, 25] 311468.22
get fet [440, 256, 7, 7]
get fet [241, 256, 7, 7]
get fet [263, 256, 7, 7]
get fet [56, 256, 7, 7]
before fpn
ee [1, 256, 200, 304] 1796239.5
ee [1, 512, 100, 152] 1633616.4
ee [1, 1024, 50, 76] 534918.2
ee [1, 2048, 25, 38] 243194.86
get fet [504, 256, 7, 7]
get fet [283, 256, 7, 7]
get fet [189, 256, 7, 7]
get fet [24, 256, 7, 7]
before fpn
ee [1, 256, 200, 304] 1703527.0
ee [1, 512, 100, 152] 1564425.1
ee [1, 1024, 50, 76] 601035.56
ee [1, 2048, 25, 38] 415636.7
get fet [369, 256, 7, 7]
get fet [304, 256, 7, 7]
get fet [258, 256, 7, 7]
get fet [69, 256, 7, 7]
before fpn
ee [1, 256, 200, 320] 1794418.9
ee [1, 512, 100, 160] 1720290.1
ee [1, 1024, 50, 80] 637399.5
ee [1, 2048, 25, 40] 572193.94
get fet [541, 256, 7, 7]
get fet [165, 256, 7, 7]
get fet [238, 256, 7, 7]
get fet [56, 256, 7, 7]
before fpn
ee [1, 256, 200, 304] 1753250.6
ee [1, 512, 100, 152] 1383580.2
ee [1, 1024, 50, 76] 378540.53
ee [1, 2048, 25, 38] 226712.78
get fet [583, 256, 7, 7]
get fet [264, 256, 7, 7]
get fet [138, 256, 7, 7]
get fet [15, 256, 7, 7]
before fpn
ee [1, 256, 200, 336] 1859406.6
ee [1, 512, 100, 168] 1421778.0
ee [1, 1024, 50, 84] 398414.62
ee [1, 2048, 25, 42] 236910.8
get fet [754, 256, 7, 7]
get fet [155, 256, 7, 7]
get fet [80, 256, 7, 7]
get fet [11, 256, 7, 7]
before fpn
ee [1, 256, 200, 272] 1551271.9
ee [1, 512, 100, 136] 1449690.1
ee [1, 1024, 50, 68] 501497.16
ee [1, 2048, 25, 34] 279940.88
get fet [427, 256, 7, 7]
get fet [281, 256, 7, 7]
get fet [243, 256, 7, 7]
get fet [49, 256, 7, 7]
before fpn
ee [1, 256, 200, 272] 1522875.1
ee [1, 512, 100, 136] 1293233.1
ee [1, 1024, 50, 68] 446081.97
ee [1, 2048, 25, 34] 338642.53
get fet [541, 256, 7, 7]
get fet [208, 256, 7, 7]
get fet [204, 256, 7, 7]
get fet [47, 256, 7, 7]
before fpn
ee [1, 256, 200, 304] 1612365.0
ee [1, 512, 100, 152] 1346106.4
ee [1, 1024, 50, 76] 545550.75
ee [1, 2048, 25, 38] 237139.58
get fet [629, 256, 7, 7]
get fet [148, 256, 7, 7]
get fet [185, 256, 7, 7]
get fet [38, 256, 7, 7]
before fpn
ee [1, 256, 200, 272] 1737845.6
ee [1, 512, 100, 136] 1581337.2
ee [1, 1024, 50, 68] 454992.78
ee [1, 2048, 25, 34] 230471.86
get fet [629, 256, 7, 7]
get fet [141, 256, 7, 7]
get fet [177, 256, 7, 7]
get fet [53, 256, 7, 7]
before fpn
ee [1, 256, 304, 200] 1646037.0
ee [1, 512, 152, 100] 1117713.4
ee [1, 1024, 76, 50] 284157.2
ee [1, 2048, 38, 25] 185411.03
get fet [746, 256, 7, 7]
get fet [138, 256, 7, 7]
get fet [103, 256, 7, 7]
get fet [13, 256, 7, 7]
before fpn
ee [1, 256, 200, 272] 1602965.8
ee [1, 512, 100, 136] 1417975.2
ee [1, 1024, 50, 68] 486619.5
ee [1, 2048, 25, 34] 271287.1
get fet [499, 256, 7, 7]
get fet [258, 256, 7, 7]
get fet [217, 256, 7, 7]
get fet [26, 256, 7, 7]
before fpn
ee [1, 256, 200, 304] 1887097.1
ee [1, 512, 100, 152] 1684024.1
ee [1, 1024, 50, 76] 524731.75
ee [1, 2048, 25, 38] 265518.03
get fet [608, 256, 7, 7]
get fet [248, 256, 7, 7]
get fet [113, 256, 7, 7]
get fet [31, 256, 7, 7]
before fpn
ee [1, 256, 200, 256] 1361293.9
ee [1, 512, 100, 128] 1104379.8
ee [1, 1024, 50, 64] 378439.84
ee [1, 2048, 25, 32] 317975.66
get fet [659, 256, 7, 7]
get fet [166, 256, 7, 7]
get fet [135, 256, 7, 7]
get fet [40, 256, 7, 7]
before fpn
ee [1, 256, 200, 272] 1527416.5
ee [1, 512, 100, 136] 1144285.8
ee [1, 1024, 50, 68] 300473.66
ee [1, 2048, 25, 34] 148648.98
get fet [630, 256, 7, 7]
get fet [245, 256, 7, 7]
get fet [105, 256, 7, 7]
get fet [20, 256, 7, 7]
before fpn
ee [1, 256, 200, 272] 1727399.2
ee [1, 512, 100, 136] 1554908.4
ee [1, 1024, 50, 68] 474930.75
ee [1, 2048, 25, 34] 285468.78
get fet [626, 256, 7, 7]
get fet [199, 256, 7, 7]
get fet [132, 256, 7, 7]
get fet [43, 256, 7, 7]
before fpn
ee [1, 256, 200, 272] 1788219.2
ee [1, 512, 100, 136] 1596796.8
ee [1, 1024, 50, 68] 500612.97
ee [1, 2048, 25, 34] 355634.12
get fet [499, 256, 7, 7]
get fet [267, 256, 7, 7]
get fet [194, 256, 7, 7]
get fet [40, 256, 7, 7]
before fpn
ee [1, 256, 200, 272] 1638420.6
ee [1, 512, 100, 136] 1530590.1
ee [1, 1024, 50, 68] 551325.06
ee [1, 2048, 25, 34] 417323.38
get fet [477, 256, 7, 7]
get fet [256, 256, 7, 7]
get fet [221, 256, 7, 7]
get fet [46, 256, 7, 7]
before fpn
ee [1, 256, 304, 200] 1890997.4
ee [1, 512, 152, 100] 1660452.6
ee [1, 1024, 76, 50] 531194.56
ee [1, 2048, 38, 25] 184309.36
get fet [624, 256, 7, 7]
get fet [213, 256, 7, 7]
get fet [139, 256, 7, 7]
get fet [24, 256, 7, 7]
before fpn
ee [1, 256, 200, 272] 1554845.8
ee [1, 512, 100, 136] 1485753.5
ee [1, 1024, 50, 68] 543704.5
ee [1, 2048, 25, 34] 372180.7
get fet [578, 256, 7, 7]
get fet [173, 256, 7, 7]
get fet [198, 256, 7, 7]
get fet [51, 256, 7, 7]
before fpn
ee [1, 256, 200, 304] 1810456.4
ee [1, 512, 100, 152] 1408111.5
ee [1, 1024, 50, 76] 391160.56
ee [1, 2048, 25, 38] 255262.25
get fet [632, 256, 7, 7]
get fet [185, 256, 7, 7]
get fet [143, 256, 7, 7]
get fet [40, 256, 7, 7]
before fpn
ee [1, 256, 200, 296] 1650853.2
ee [1, 512, 100, 148] 1325116.6
ee [1, 1024, 50, 74] 412571.28
ee [1, 2048, 25, 37] 250041.67
get fet [638, 256, 7, 7]
get fet [158, 256, 7, 7]
get fet [167, 256, 7, 7]
get fet [37, 256, 7, 7]
before fpn
ee [1, 256, 200, 272] 1690867.1
ee [1, 512, 100, 136] 1540589.1
ee [1, 1024, 50, 68] 497099.06
ee [1, 2048, 25, 34] 324327.22
get fet [487, 256, 7, 7]
get fet [252, 256, 7, 7]
get fet [210, 256, 7, 7]
get fet [51, 256, 7, 7]
before fpn
ee [1, 256, 200, 304] 1636273.4
ee [1, 512, 100, 152] 1121791.8
ee [1, 1024, 50, 76] 301357.8
ee [1, 2048, 25, 38] 193362.12
get fet [704, 256, 7, 7]
get fet [176, 256, 7, 7]
get fet [104, 256, 7, 7]
get fet [16, 256, 7, 7]
before fpn
ee [1, 256, 200, 272] 1660231.4
ee [1, 512, 100, 136] 1541671.4
ee [1, 1024, 50, 68] 507626.3
ee [1, 2048, 25, 34] 322968.44
get fet [565, 256, 7, 7]
get fet [236, 256, 7, 7]
get fet [170, 256, 7, 7]
get fet [29, 256, 7, 7]
before fpn
ee [1, 256, 200, 272] 1631971.4
ee [1, 512, 100, 136] 1566357.1
ee [1, 1024, 50, 68] 548483.3
ee [1, 2048, 25, 34] 348107.97
get fet [499, 256, 7, 7]
get fet [242, 256, 7, 7]
get fet [211, 256, 7, 7]
get fet [48, 256, 7, 7]
before fpn
ee [1, 256, 304, 200] 1823589.4
ee [1, 512, 152, 100] 1620765.6
ee [1, 1024, 76, 50] 477983.28
ee [1, 2048, 38, 25] 320531.25
get fet [559, 256, 7, 7]
get fet [197, 256, 7, 7]
get fet [195, 256, 7, 7]
get fet [49, 256, 7, 7]
before fpn
ee [1, 256, 200, 304] 1839533.8
ee [1, 512, 100, 152] 1662043.4
ee [1, 1024, 50, 76] 506509.5
ee [1, 2048, 25, 38] 235010.5
get fet [617, 256, 7, 7]
get fet [261, 256, 7, 7]
get fet [100, 256, 7, 7]
get fet [22, 256, 7, 7]
before fpn
ee [1, 256, 200, 264] 1587207.2
ee [1, 512, 100, 132] 1301378.5
ee [1, 1024, 50, 66] 404475.66
ee [1, 2048, 25, 33] 299724.9
get fet [776, 256, 7, 7]
get fet [113, 256, 7, 7]
get fet [79, 256, 7, 7]
get fet [32, 256, 7, 7]
before fpn
ee [1, 256, 200, 272] 1601394.5
ee [1, 512, 100, 136] 1527109.8
ee [1, 1024, 50, 68] 493282.6
ee [1, 2048, 25, 34] 242416.16
get fet [491, 256, 7, 7]
get fet [274, 256, 7, 7]
get fet [213, 256, 7, 7]
get fet [22, 256, 7, 7]
before fpn
ee [1, 256, 272, 200] 1592162.2
ee [1, 512, 136, 100] 1336230.4
ee [1, 1024, 68, 50] 407564.38
ee [1, 2048, 34, 25] 176943.31
get fet [761, 256, 7, 7]
get fet [153, 256, 7, 7]
get fet [81, 256, 7, 7]
get fet [5, 256, 7, 7]
before fpn
ee [1, 256, 200, 272] 1576842.1
ee [1, 512, 100, 136] 1504762.8
ee [1, 1024, 50, 68] 515971.47
ee [1, 2048, 25, 34] 288571.34
get fet [465, 256, 7, 7]
get fet [245, 256, 7, 7]
get fet [232, 256, 7, 7]
get fet [58, 256, 7, 7]
before fpn
ee [1, 256, 200, 280] 1744659.9
ee [1, 512, 100, 140] 1628620.9
ee [1, 1024, 50, 70] 458937.5
ee [1, 2048, 25, 35] 227358.28
get fet [605, 256, 7, 7]
get fet [182, 256, 7, 7]
get fet [175, 256, 7, 7]
get fet [38, 256, 7, 7]
before fpn
ee [1, 256, 224, 200] 1365756.5
ee [1, 512, 112, 100] 1098764.8
ee [1, 1024, 56, 50] 308648.2
ee [1, 2048, 28, 25] 176934.94
get fet [736, 256, 7, 7]
get fet [133, 256, 7, 7]
get fet [107, 256, 7, 7]
get fet [24, 256, 7, 7]
before fpn
ee [1, 256, 304, 200] 1640573.0
ee [1, 512, 152, 100] 1453202.5
ee [1, 1024, 76, 50] 544019.5
ee [1, 2048, 38, 25] 507649.53
get fet [525, 256, 7, 7]
get fet [194, 256, 7, 7]
get fet [224, 256, 7, 7]
get fet [57, 256, 7, 7]
before fpn
ee [1, 256, 200, 304] 1972766.2
ee [1, 512, 100, 152] 1534083.0
ee [1, 1024, 50, 76] 405384.6
ee [1, 2048, 25, 38] 177034.3
get fet [434, 256, 7, 7]
get fet [371, 256, 7, 7]
get fet [175, 256, 7, 7]
get fet [20, 256, 7, 7]
before fpn
ee [1, 256, 200, 272] 1484578.4
ee [1, 512, 100, 136] 1298534.2
ee [1, 1024, 50, 68] 373839.5
ee [1, 2048, 25, 34] 172008.2
get fet [601, 256, 7, 7]
get fet [236, 256, 7, 7]
get fet [148, 256, 7, 7]
get fet [15, 256, 7, 7]
before fpn
ee [1, 256, 200, 272] 1564948.6
ee [1, 512, 100, 136] 1394210.1
ee [1, 1024, 50, 68] 459347.2
ee [1, 2048, 25, 34] 188602.48
get fet [563, 256, 7, 7]
get fet [260, 256, 7, 7]
get fet [156, 256, 7, 7]
get fet [21, 256, 7, 7]
before fpn
ee [1, 256, 200, 272] 1595055.1
ee [1, 512, 100, 136] 1209449.6
ee [1, 1024, 50, 68] 296512.62
ee [1, 2048, 25, 34] 148259.75
get fet [691, 256, 7, 7]
get fet [196, 256, 7, 7]
get fet [99, 256, 7, 7]
get fet [14, 256, 7, 7]
before fpn
ee [1, 256, 200, 272] 1647091.2
ee [1, 512, 100, 136] 1434083.6
ee [1, 1024, 50, 68] 454272.16
ee [1, 2048, 25, 34] 264963.2
get fet [551, 256, 7, 7]
get fet [291, 256, 7, 7]
get fet [136, 256, 7, 7]
get fet [22, 256, 7, 7]
before fpn
ee [1, 256, 200, 304] 1783467.8
ee [1, 512, 100, 152] 1615047.6
ee [1, 1024, 50, 76] 549834.56
ee [1, 2048, 25, 38] 293693.03
get fet [591, 256, 7, 7]
get fet2020-12-10 12:51:31,597-INFO: Total sample number: 388, averge FPS: 20.734211604319594
2020-12-10 12:51:31,599-INFO: Load categories from /paddle/dataset/coco/annotations/instances_val2017_01_02.json
2020-12-10 12:51:31,843-INFO: finding looplift candidates
2020-12-10 12:51:33,305-INFO: The bbox result is saved to bbox.json.
2020-12-10 12:51:33,390-INFO: Start evaluate...
 [193, 256, 7, 7]
get fet [178, 256, 7, 7]
get fet [38, 256, 7, 7]
before fpn
ee [1, 256, 200, 272] 1599940.2
ee [1, 512, 100, 136] 1455727.1
ee [1, 1024, 50, 68] 473278.16
ee [1, 2048, 25, 34] 217450.5
get fet [618, 256, 7, 7]
get fet [222, 256, 7, 7]
get fet [136, 256, 7, 7]
get fet [24, 256, 7, 7]
before fpn
ee [1, 256, 200, 272] 1695809.9
ee [1, 512, 100, 136] 1543989.2
ee [1, 1024, 50, 68] 462758.9
ee [1, 2048, 25, 34] 209556.89
get fet [685, 256, 7, 7]
get fet [161, 256, 7, 7]
get fet [138, 256, 7, 7]
get fet [16, 256, 7, 7]
before fpn
ee [1, 256, 200, 320] 1789356.2
ee [1, 512, 100, 160] 1561067.1
ee [1, 1024, 50, 80] 550259.3
ee [1, 2048, 25, 40] 472160.84
get fet [608, 256, 7, 7]
get fet [138, 256, 7, 7]
get fet [206, 256, 7, 7]
get fet [48, 256, 7, 7]
before fpn
ee [1, 256, 272, 200] 1443481.9
ee [1, 512, 136, 100] 1215533.1
ee [1, 1024, 68, 50] 449761.88
ee [1, 2048, 34, 25] 264526.2
get fet [639, 256, 7, 7]
get fet [150, 256, 7, 7]
get fet [172, 256, 7, 7]
get fet [39, 256, 7, 7]
before fpn
ee [1, 256, 200, 272] 1589099.8
ee [1, 512, 100, 136] 1369183.2
ee [1, 1024, 50, 68] 392826.22
ee [1, 2048, 25, 34] 243218.8
get fet [686, 256, 7, 7]
get fet [137, 256, 7, 7]
get fet [152, 256, 7, 7]
get fet [25, 256, 7, 7]
before fpn
ee [1, 256, 200, 304] 1660688.0
ee [1, 512, 100, 152] 1425394.8
ee [1, 1024, 50, 76] 489166.0
ee [1, 2048, 25, 38] 314991.4
get fet [356, 256, 7, 7]
get fet [347, 256, 7, 7]
get fet [252, 256, 7, 7]
get fet [45, 256, 7, 7]
before fpn
ee [1, 256, 200, 272] 1602766.0
ee [1, 512, 100, 136] 1507301.6
ee [1, 1024, 50, 68] 520259.66
ee [1, 2048, 25, 34] 240752.27
get fet [532, 256, 7, 7]
get fet [241, 256, 7, 7]
get fet [197, 256, 7, 7]
get fet [30, 256, 7, 7]
before fpn
ee [1, 256, 200, 304] 1650122.4
ee [1, 512, 100, 152] 1422658.6
ee [1, 1024, 50, 76] 475060.38
ee [1, 2048, 25, 38] 233497.31
get fet [603, 256, 7, 7]
get fet [260, 256, 7, 7]
get fet [113, 256, 7, 7]
get fet [24, 256, 7, 7]
before fpn
ee [1, 256, 192, 336] 1972993.5
ee [1, 512, 96, 168] 1540162.2
ee [1, 1024, 48, 84] 444889.8
ee [1, 2048, 24, 42] 214105.42
get fet [658, 256, 7, 7]
get fet [180, 256, 7, 7]
get fet [129, 256, 7, 7]
get fet [33, 256, 7, 7]
before fpn
ee [1, 256, 200, 272] 1570952.9
ee [1, 512, 100, 136] 1328106.1
ee [1, 1024, 50, 68] 393933.44
ee [1, 2048, 25, 34] 246125.53
get fet [626, 256, 7, 7]
get fet [188, 256, 7, 7]
get fet [156, 256, 7, 7]
get fet [30, 256, 7, 7]
before fpn
ee [1, 256, 200, 280] 1698577.6
ee [1, 512, 100, 140] 1476413.2
ee [1, 1024, 50, 70] 448120.28
ee [1, 2048, 25, 35] 259046.22
get fet [634, 256, 7, 7]
get fet [161, 256, 7, 7]
get fet [165, 256, 7, 7]
get fet [40, 256, 7, 7]
before fpn
ee [1, 256, 200, 304] 1827183.0
ee [1, 512, 100, 152] 1736850.9
ee [1, 1024, 50, 76] 586854.9
ee [1, 2048, 25, 38] 278782.22
get fet [564, 256, 7, 7]
get fet [261, 256, 7, 7]
get fet [132, 256, 7, 7]
get fet [43, 256, 7, 7]
before fpn
ee [1, 256, 200, 304] 1809658.8
ee [1, 512, 100, 152] 1654910.1
ee [1, 1024, 50, 76] 554410.4
ee [1, 2048, 25, 38] 311195.22
get fet [407, 256, 7, 7]
get fet [268, 256, 7, 7]
get fet [265, 256, 7, 7]
get fet [60, 256, 7, 7]
before fpn
ee [1, 256, 304, 200] 1743932.5
ee [1, 512, 152, 100] 1700019.6
ee [1, 1024, 76, 50] 558156.9
ee [1, 2048, 38, 25] 355496.47
get fet [448, 256, 7, 7]
get fet [276, 256, 7, 7]
get fet [220, 256, 7, 7]
get fet [56, 256, 7, 7]
before fpn
ee [1, 256, 304, 200] 1792512.8
ee [1, 512, 152, 100] 1628934.2
ee [1, 1024, 76, 50] 592642.4
ee [1, 2048, 38, 25] 344636.3
get fet [434, 256, 7, 7]
get fet [251, 256, 7, 7]
get fet [246, 256, 7, 7]
get fet [69, 256, 7, 7]
before fpn
ee [1, 256, 200, 304] 1864401.4
ee [1, 512, 100, 152] 1698726.2
ee [1, 1024, 50, 76] 545130.7
ee [1, 2048, 25, 38] 242265.81
get fet [624, 256, 7, 7]
get fet [232, 256, 7, 7]
get fet [111, 256, 7, 7]
get fet [33, 256, 7, 7]
before fpn
ee [1, 256, 200, 288] 1644724.1
ee [1, 512, 100, 144] 1183263.2
ee [1, 1024, 50, 72] 333581.47
ee [1, 2048, 25, 36] 196043.81
get fet [692, 256, 7, 7]
get fet [185, 256, 7, 7]
get fet [102, 256, 7, 7]
get fet [21, 256, 7, 7]
before fpn
ee [1, 256, 192, 336] 2010074.6
ee [1, 512, 96, 168] 1681636.9
ee [1, 1024, 48, 84] 544192.06
ee [1, 2048, 24, 42] 482425.06
get fet [514, 256, 7, 7]
get fet [192, 256, 7, 7]
get fet [222, 256, 7, 7]
get fet [72, 256, 7, 7]
before fpn
ee [1, 256, 200, 304] 1650387.4
ee [1, 512, 100, 152] 1485160.8
ee [1, 1024, 50, 76] 569766.1
ee [1, 2048, 25, 38] 501688.1
get fet [555, 256, 7, 7]
get fet [155, 256, 7, 7]
get fet [223, 256, 7, 7]
get fet [67, 256, 7, 7]
before fpn
ee [1, 256, 200, 304] 1668941.9
ee [1, 512, 100, 152] 1217007.6
ee [1, 1024, 50, 76] 351624.75
ee [1, 2048, 25, 38] 157672.45
get fet [599, 256, 7, 7]
get fet [252, 256, 7, 7]
get fet [125, 256, 7, 7]
get fet [24, 256, 7, 7]
before fpn
ee [1, 256, 200, 304] 1863303.8
ee [1, 512, 100, 152] 1646616.0
ee [1, 1024, 50, 76] 528108.25
ee [1, 2048, 25, 38] 400508.62
get fet [549, 256, 7, 7]
get fet [210, 256, 7, 7]
get fet [199, 256, 7, 7]
get fet [42, 256, 7, 7]
before fpn
ee [1, 256, 200, 272] 1674084.2
ee [1, 512, 100, 136] 1234342.4
ee [1, 1024, 50, 68] 306255.5
ee [1, 2048, 25, 34] 143659.0
get fet [654, 256, 7, 7]
get fet [217, 256, 7, 7]
get fet [112, 256, 7, 7]
get fet [17, 256, 7, 7]
before fpn
ee [1, 256, 200, 304] 1799781.2
ee [1, 512, 100, 152] 1499450.1
ee [1, 1024, 50, 76] 425773.25
ee [1, 2048, 25, 38] 211178.86
get fet [621, 256, 7, 7]
get fet [220, 256, 7, 7]
get fet [137, 256, 7, 7]
get fet [22, 256, 7, 7]
before fpn
ee [1, 256, 200, 272] 1662942.1
ee [1, 512, 100, 136] 1504732.0
ee [1, 1024, 50, 68] 453394.06
ee [1, 2048, 25, 34] 229339.42
get fet [539, 256, 7, 7]
get fet [251, 256, 7, 7]
get fet [178, 256, 7, 7]
get fet [32, 256, 7, 7]
before fpn
ee [1, 256, 304, 200] 1856295.2
ee [1, 512, 152, 100] 1775173.2
ee [1, 1024, 76, 50] 600310.1
ee [1, 2048, 38, 25] 482512.88
get fet [400, 256, 7, 7]
get fet [272, 256, 7, 7]
get fet [258, 256, 7, 7]
get fet [70, 256, 7, 7]
before fpn
ee [1, 256, 200, 304] 1687512.8
ee [1, 512, 100, 152] 1304018.5
ee [1, 1024, 50, 76] 369041.66
ee [1, 2048, 25, 38] 230348.56
get fet [443, 256, 7, 7]
get fet [403, 256, 7, 7]
get fet [138, 256, 7, 7]
get fet [16, 256, 7, 7]
before fpn
ee [1, 256, 200, 272] 1671007.9
ee [1, 512, 100, 136] 1609674.8
ee [1, 1024, 50, 68] 514530.12
ee [1, 2048, 25, 34] 256745.69
get fet [623, 256, 7, 7]
get fet [175, 256, 7, 7]
get fet [160, 256, 7, 7]
get fet [42, 256, 7, 7]
loading annotations into memory...
Done (t=0.02s)
creating index...
index created!
loading annotations into memory...
Done (t=0.08s)
creating index...
index created!
Loading and preparing results...
DONE (t=0.02s)
creating index...
index created!
Running per image evaluation...
Evaluate annotation type *bbox*
DONE (t=1.14s).
Accumulating evaluation results...
DONE (t=0.62s).
 Average Precision  (AP) @[ IoU=0.50:0.95 | area=   all | maxDets=100 ] = 0.493
 Average Precision  (AP) @[ IoU=0.50      | area=   all | maxDets=100 ] = 0.745
 Average Precision  (AP) @[ IoU=0.75      | area=   all | maxDets=100 ] = 0.544
 Average Precision  (AP) @[ IoU=0.50:0.95 | area= small | maxDets=100 ] = 0.360
 Average Precision  (AP) @[ IoU=0.50:0.95 | area=medium | maxDets=100 ] = 0.587
 Average Precision  (AP) @[ IoU=0.50:0.95 | area= large | maxDets=100 ] = 0.605
 Average Recall     (AR) @[ IoU=0.50:0.95 | area=   all | maxDets=  1 ] = 0.392
 Average Recall     (AR) @[ IoU=0.50:0.95 | area=   all | maxDets= 10 ] = 0.549
 Average Recall     (AR) @[ IoU=0.50:0.95 | area=   all | maxDets=100 ] = 0.567
 Average Recall     (AR) @[ IoU=0.50:0.95 | area= small | maxDets=100 ] = 0.410
 Average Recall     (AR) @[ IoU=0.50:0.95 | area=medium | maxDets=100 ] = 0.668
 Average Recall     (AR) @[ IoU=0.50:0.95 | area= large | maxDets=100 ] = 0.648
