grep: warning: GREP_OPTIONS is deprecated; please use an alias or script
W1209 02:55:18.672024 30788 device_context.cc:320] Please NOTE: device: 0, GPU Compute Capability: 6.1, Driver API Version: 10.1, Runtime API Version: 9.0
W1209 02:55:18.677256 30788 device_context.cc:330] device: 0, cuDNN Version: 7.6.
st_parameter conv1_1_conv_offset.w_0 [18, 3, 3, 3]
st_parameter conv1_1_conv_offset.b_0 [18]
st_parameter conv1_1_weights [32, 3, 3, 3]
st_parameter bnv1_1_scale [32]
st_parameter bnv1_1_offset [32]
st_parameter bnv1_1_mean [32]
st_parameter bnv1_1_variance [32]
st_parameter conv1_2_conv_offset.w_0 [18, 32, 3, 3]
st_parameter conv1_2_conv_offset.b_0 [18]
st_parameter conv1_2_weights [32, 32, 3, 3]
st_parameter bnv1_2_scale [32]
st_parameter bnv1_2_offset [32]
st_parameter bnv1_2_mean [32]
st_parameter bnv1_2_variance [32]
st_parameter conv1_3_conv_offset.w_0 [18, 32, 3, 3]
st_parameter conv1_3_conv_offset.b_0 [18]
st_parameter conv1_3_weights [64, 32, 3, 3]
st_parameter bnv1_3_scale [64]
st_parameter bnv1_3_offset [64]
st_parameter bnv1_3_mean [64]
st_parameter bnv1_3_variance [64]
st_parameter res2a_branch1_conv_offset.w_0 [2, 64, 1, 1]
st_parameter res2a_branch1_conv_offset.b_0 [2]
st_parameter res2a_branch1_weights [256, 64, 1, 1]
st_parameter bn2a_branch1_scale [256]
st_parameter bn2a_branch1_offset [256]
st_parameter bn2a_branch1_mean [256]
st_parameter bn2a_branch1_variance [256]
st_parameter res2a_branch2a_conv_offset.w_0 [2, 64, 1, 1]
st_parameter res2a_branch2a_conv_offset.b_0 [2]
st_parameter res2a_branch2a_weights [64, 64, 1, 1]
st_parameter bn2a_branch2a_scale [64]
st_parameter bn2a_branch2a_offset [64]
st_parameter bn2a_branch2a_mean [64]
st_parameter bn2a_branch2a_variance [64]
st_parameter res2a_branch2b_conv_offset.w_0 [18, 64, 3, 3]
st_parameter res2a_branch2b_conv_offset.b_0 [18]
st_parameter res2a_branch2b_weights [64, 64, 3, 3]
st_parameter bn2a_branch2b_scale [64]
st_parameter bn2a_branch2b_offset [64]
st_parameter bn2a_branch2b_mean [64]
st_parameter bn2a_branch2b_variance [64]
st_parameter res2a_branch2c_conv_offset.w_0 [2, 64, 1, 1]
st_parameter res2a_branch2c_conv_offset.b_0 [2]
st_parameter res2a_branch2c_weights [256, 64, 1, 1]
st_parameter bn2a_branch2c_scale [256]
st_parameter bn2a_branch2c_offset [256]
st_parameter bn2a_branch2c_mean [256]
st_parameter bn2a_branch2c_variance [256]
st_parameter res2b_branch2a_conv_offset.w_0 [2, 256, 1, 1]
st_parameter res2b_branch2a_conv_offset.b_0 [2]
st_parameter res2b_branch2a_weights [64, 256, 1, 1]
st_parameter bn2b_branch2a_scale [64]
st_parameter bn2b_branch2a_offset [64]
st_parameter bn2b_branch2a_mean [64]
st_parameter bn2b_branch2a_variance [64]
st_parameter res2b_branch2b_conv_offset.w_0 [18, 64, 3, 3]
st_parameter res2b_branch2b_conv_offset.b_0 [18]
st_parameter res2b_branch2b_weights [64, 64, 3, 3]
st_parameter bn2b_branch2b_scale [64]
st_parameter bn2b_branch2b_offset [64]
st_parameter bn2b_branch2b_mean [64]
st_parameter bn2b_branch2b_variance [64]
st_parameter res2b_branch2c_conv_offset.w_0 [2, 64, 1, 1]
st_parameter res2b_branch2c_conv_offset.b_0 [2]
st_parameter res2b_branch2c_weights [256, 64, 1, 1]
st_parameter bn2b_branch2c_scale [256]
st_parameter bn2b_branch2c_offset [256]
st_parameter bn2b_branch2c_mean [256]
st_parameter bn2b_branch2c_variance [256]
st_parameter res2c_branch2a_conv_offset.w_0 [2, 256, 1, 1]
st_parameter res2c_branch2a_conv_offset.b_0 [2]
st_parameter res2c_branch2a_weights [64, 256, 1, 1]
st_parameter bn2c_branch2a_scale [64]
st_parameter bn2c_branch2a_offset [64]
st_parameter bn2c_branch2a_mean [64]
st_parameter bn2c_branch2a_variance [64]
st_parameter res2c_branch2b_conv_offset.w_0 [18, 64, 3, 3]
st_parameter res2c_branch2b_conv_offset.b_0 [18]
st_parameter res2c_branch2b_weights [64, 64, 3, 3]
st_parameter bn2c_branch2b_scale [64]
st_parameter bn2c_branch2b_offset [64]
st_parameter bn2c_branch2b_mean [64]
st_parameter bn2c_branch2b_variance [64]
st_parameter res2c_branch2c_conv_offset.w_0 [2, 64, 1, 1]
st_parameter res2c_branch2c_conv_offset.b_0 [2]
st_parameter res2c_branch2c_weights [256, 64, 1, 1]
st_parameter bn2c_branch2c_scale [256]
st_parameter bn2c_branch2c_offset [256]
st_parameter bn2c_branch2c_mean [256]
st_parameter bn2c_branch2c_variance [256]
st_parameter res3a_branch1_conv_offset.w_0 [2, 256, 1, 1]
st_parameter res3a_branch1_conv_offset.b_0 [2]
st_parameter res3a_branch1_weights [512, 256, 1, 1]
st_parameter bn3a_branch1_scale [512]
st_parameter bn3a_branch1_offset [512]
st_parameter bn3a_branch1_mean [512]
st_parameter bn3a_branch1_variance [512]
st_parameter res3a_branch2a_conv_offset.w_0 [2, 256, 1, 1]
st_parameter res3a_branch2a_conv_offset.b_0 [2]
st_parameter res3a_branch2a_weights [128, 256, 1, 1]
st_parameter bn3a_branch2a_scale [128]
st_parameter bn3a_branch2a_offset [128]
st_parameter bn3a_branch2a_mean [128]
st_parameter bn3a_branch2a_variance [128]
st_parameter res3a_branch2b_conv_offset.w_0 [18, 128, 3, 3]
st_parameter res3a_branch2b_conv_offset.b_0 [18]
st_parameter res3a_branch2b_weights [128, 128, 3, 3]
st_parameter bn3a_branch2b_scale [128]
st_parameter bn3a_branch2b_offset [128]
st_parameter bn3a_branch2b_mean [128]
st_parameter bn3a_branch2b_variance [128]
st_parameter res3a_branch2c_conv_offset.w_0 [2, 128, 1, 1]
st_parameter res3a_branch2c_conv_offset.b_0 [2]
st_parameter res3a_branch2c_weights [512, 128, 1, 1]
st_parameter bn3a_branch2c_scale [512]
st_parameter bn3a_branch2c_offset [512]
st_parameter bn3a_branch2c_mean [512]
st_parameter bn3a_branch2c_variance [512]
st_parameter res3b_branch2a_conv_offset.w_0 [2, 512, 1, 1]
st_parameter res3b_branch2a_conv_offset.b_0 [2]
st_parameter res3b_branch2a_weights [128, 512, 1, 1]
st_parameter bn3b_branch2a_scale [128]
st_parameter bn3b_branch2a_offset [128]
st_parameter bn3b_branch2a_mean [128]
st_parameter bn3b_branch2a_variance [128]
st_parameter res3b_branch2b_conv_offset.w_0 [18, 128, 3, 3]
st_parameter res3b_branch2b_conv_offset.b_0 [18]
st_parameter res3b_branch2b_weights [128, 128, 3, 3]
st_parameter bn3b_branch2b_scale [128]
st_parameter bn3b_branch2b_offset [128]
st_parameter bn3b_branch2b_mean [128]
st_parameter bn3b_branch2b_variance [128]
st_parameter res3b_branch2c_conv_offset.w_0 [2, 128, 1, 1]
st_parameter res3b_branch2c_conv_offset.b_0 [2]
st_parameter res3b_branch2c_weights [512, 128, 1, 1]
st_parameter bn3b_branch2c_scale [512]
st_parameter bn3b_branch2c_offset [512]
st_parameter bn3b_branch2c_mean [512]
st_parameter bn3b_branch2c_variance [512]
st_parameter res3c_branch2a_conv_offset.w_0 [2, 512, 1, 1]
st_parameter res3c_branch2a_conv_offset.b_0 [2]
st_parameter res3c_branch2a_weights [128, 512, 1, 1]
st_parameter bn3c_branch2a_scale [128]
st_parameter bn3c_branch2a_offset [128]
st_parameter bn3c_branch2a_mean [128]
st_parameter bn3c_branch2a_variance [128]
st_parameter res3c_branch2b_conv_offset.w_0 [18, 128, 3, 3]
st_parameter res3c_branch2b_conv_offset.b_0 [18]
st_parameter res3c_branch2b_weights [128, 128, 3, 3]
st_parameter bn3c_branch2b_scale [128]
st_parameter bn3c_branch2b_offset [128]
st_parameter bn3c_branch2b_mean [128]
st_parameter bn3c_branch2b_variance [128]
st_parameter res3c_branch2c_conv_offset.w_0 [2, 128, 1, 1]
st_parameter res3c_branch2c_conv_offset.b_0 [2]
st_parameter res3c_branch2c_weights [512, 128, 1, 1]
st_parameter bn3c_branch2c_scale [512]
st_parameter bn3c_branch2c_offset [512]
st_parameter bn3c_branch2c_mean [512]
st_parameter bn3c_branch2c_variance [512]
st_parameter res3d_branch2a_conv_offset.w_0 [2, 512, 1, 1]
st_parameter res3d_branch2a_conv_offset.b_0 [2]
st_parameter res3d_branch2a_weights [128, 512, 1, 1]
st_parameter bn3d_branch2a_scale [128]
st_parameter bn3d_branch2a_offset [128]
st_parameter bn3d_branch2a_mean [128]
st_parameter bn3d_branch2a_variance [128]
st_parameter res3d_branch2b_conv_offset.w_0 [18, 128, 3, 3]
st_parameter res3d_branch2b_conv_offset.b_0 [18]
st_parameter res3d_branch2b_weights [128, 128, 3, 3]
st_parameter bn3d_branch2b_scale [128]
st_parameter bn3d_branch2b_offset [128]
st_parameter bn3d_branch2b_mean [128]
st_parameter bn3d_branch2b_variance [128]
st_parameter res3d_branch2c_conv_offset.w_0 [2, 128, 1, 1]
st_parameter res3d_branch2c_conv_offset.b_0 [2]
st_parameter res3d_branch2c_weights [512, 128, 1, 1]
st_parameter bn3d_branch2c_scale [512]
st_parameter bn3d_branch2c_offset [512]
st_parameter bn3d_branch2c_mean [512]
st_parameter bn3d_branch2c_variance [512]
st_parameter res4a_branch1_conv_offset.w_0 [2, 512, 1, 1]
st_parameter res4a_branch1_conv_offset.b_0 [2]
st_parameter res4a_branch1_weights [1024, 512, 1, 1]
st_parameter bn4a_branch1_scale [1024]
st_parameter bn4a_branch1_offset [1024]
st_parameter bn4a_branch1_mean [1024]
st_parameter bn4a_branch1_variance [1024]
st_parameter res4a_branch2a_conv_offset.w_0 [2, 512, 1, 1]
st_parameter res4a_branch2a_conv_offset.b_0 [2]
st_parameter res4a_branch2a_weights [256, 512, 1, 1]
st_parameter bn4a_branch2a_scale [256]
st_parameter bn4a_branch2a_offset [256]
st_parameter bn4a_branch2a_mean [256]
st_parameter bn4a_branch2a_variance [256]
st_parameter res4a_branch2b_conv_offset.w_0 [18, 256, 3, 3]
st_parameter res4a_branch2b_conv_offset.b_0 [18]
st_parameter res4a_branch2b_weights [256, 256, 3, 3]
st_parameter bn4a_branch2b_scale [256]
st_parameter bn4a_branch2b_offset [256]
st_parameter bn4a_branch2b_mean [256]
st_parameter bn4a_branch2b_variance [256]
st_parameter res4a_branch2c_conv_offset.w_0 [2, 256, 1, 1]
st_parameter res4a_branch2c_conv_offset.b_0 [2]
st_parameter res4a_branch2c_weights [1024, 256, 1, 1]
st_parameter bn4a_branch2c_scale [1024]
st_parameter bn4a_branch2c_offset [1024]
st_parameter bn4a_branch2c_mean [1024]
st_parameter bn4a_branch2c_variance [1024]
st_parameter res4b_branch2a_conv_offset.w_0 [2, 1024, 1, 1]
st_parameter res4b_branch2a_conv_offset.b_0 [2]
st_parameter res4b_branch2a_weights [256, 1024, 1, 1]
st_parameter bn4b_branch2a_scale [256]
st_parameter bn4b_branch2a_offset [256]
st_parameter bn4b_branch2a_mean [256]
st_parameter bn4b_branch2a_variance [256]
st_parameter res4b_branch2b_conv_offset.w_0 [18, 256, 3, 3]
st_parameter res4b_branch2b_conv_offset.b_0 [18]
st_parameter res4b_branch2b_weights [256, 256, 3, 3]
st_parameter bn4b_branch2b_scale [256]
st_parameter bn4b_branch2b_offset [256]
st_parameter bn4b_branch2b_mean [256]
st_parameter bn4b_branch2b_variance [256]
st_parameter res4b_branch2c_conv_offset.w_0 [2, 256, 1, 1]
st_parameter res4b_branch2c_conv_offset.b_0 [2]
st_parameter res4b_branch2c_weights [1024, 256, 1, 1]
st_parameter bn4b_branch2c_scale [1024]
st_parameter bn4b_branch2c_offset [1024]
st_parameter bn4b_branch2c_mean [1024]
st_parameter bn4b_branch2c_variance [1024]
st_parameter res4c_branch2a_conv_offset.w_0 [2, 1024, 1, 1]
st_parameter res4c_branch2a_conv_offset.b_0 [2]
st_parameter res4c_branch2a_weights [256, 1024, 1, 1]
st_parameter bn4c_branch2a_scale [256]
st_parameter bn4c_branch2a_offset [256]
st_parameter bn4c_branch2a_mean [256]
st_parameter bn4c_branch2a_variance [256]
st_parameter res4c_branch2b_conv_offset.w_0 [18, 256, 3, 3]
st_parameter res4c_branch2b_conv_offset.b_0 [18]
st_parameter res4c_branch2b_weights [256, 256, 3, 3]
st_parameter bn4c_branch2b_scale [256]
st_parameter bn4c_branch2b_offset [256]
st_parameter bn4c_branch2b_mean [256]
st_parameter bn4c_branch2b_variance [256]
st_parameter res4c_branch2c_conv_offset.w_0 [2, 256, 1, 1]
st_parameter res4c_branch2c_conv_offset.b_0 [2]
st_parameter res4c_branch2c_weights [1024, 256, 1, 1]
st_parameter bn4c_branch2c_scale [1024]
st_parameter bn4c_branch2c_offset [1024]
st_parameter bn4c_branch2c_mean [1024]
st_parameter bn4c_branch2c_variance [1024]
st_parameter res4d_branch2a_conv_offset.w_0 [2, 1024, 1, 1]
st_parameter res4d_branch2a_conv_offset.b_0 [2]
st_parameter res4d_branch2a_weights [256, 1024, 1, 1]
st_parameter bn4d_branch2a_scale [256]
st_parameter bn4d_branch2a_offset [256]
st_parameter bn4d_branch2a_mean [256]
st_parameter bn4d_branch2a_variance [256]
st_parameter res4d_branch2b_conv_offset.w_0 [18, 256, 3, 3]
st_parameter res4d_branch2b_conv_offset.b_0 [18]
st_parameter res4d_branch2b_weights [256, 256, 3, 3]
st_parameter bn4d_branch2b_scale [256]
st_parameter bn4d_branch2b_offset [256]
st_parameter bn4d_branch2b_mean [256]
st_parameter bn4d_branch2b_variance [256]
st_parameter res4d_branch2c_conv_offset.w_0 [2, 256, 1, 1]
st_parameter res4d_branch2c_conv_offset.b_0 [2]
st_parameter res4d_branch2c_weights [1024, 256, 1, 1]
st_parameter bn4d_branch2c_scale [1024]
st_parameter bn4d_branch2c_offset [1024]
st_parameter bn4d_branch2c_mean [1024]
st_parameter bn4d_branch2c_variance [1024]
st_parameter res4e_branch2a_conv_offset.w_0 [2, 1024, 1, 1]
st_parameter res4e_branch2a_conv_offset.b_0 [2]
st_parameter res4e_branch2a_weights [256, 1024, 1, 1]
st_parameter bn4e_branch2a_scale [256]
st_parameter bn4e_branch2a_offset [256]
st_parameter bn4e_branch2a_mean [256]
st_parameter bn4e_branch2a_variance [256]
st_parameter res4e_branch2b_conv_offset.w_0 [18, 256, 3, 3]
st_parameter res4e_branch2b_conv_offset.b_0 [18]
st_parameter res4e_branch2b_weights [256, 256, 3, 3]
st_parameter bn4e_branch2b_scale [256]
st_parameter bn4e_branch2b_offset [256]
st_parameter bn4e_branch2b_mean [256]
st_parameter bn4e_branch2b_variance [256]
st_parameter res4e_branch2c_conv_offset.w_0 [2, 256, 1, 1]
st_parameter res4e_branch2c_conv_offset.b_0 [2]
st_parameter res4e_branch2c_weights [1024, 256, 1, 1]
st_parameter bn4e_branch2c_scale [1024]
st_parameter bn4e_branch2c_offset [1024]
st_parameter bn4e_branch2c_mean [1024]
st_parameter bn4e_branch2c_variance [1024]
st_parameter res4f_branch2a_conv_offset.w_0 [2, 1024, 1, 1]
st_parameter res4f_branch2a_conv_offset.b_0 [2]
st_parameter res4f_branch2a_weights [256, 1024, 1, 1]
st_parameter bn4f_branch2a_scale [256]
st_parameter bn4f_branch2a_offset [256]
st_parameter bn4f_branch2a_mean [256]
st_parameter bn4f_branch2a_variance [256]
st_parameter res4f_branch2b_conv_offset.w_0 [18, 256, 3, 3]
st_parameter res4f_branch2b_conv_offset.b_0 [18]
st_parameter res4f_branch2b_weights [256, 256, 3, 3]
st_parameter bn4f_branch2b_scale [256]
st_parameter bn4f_branch2b_offset [256]
st_parameter bn4f_branch2b_mean [256]
st_parameter bn4f_branch2b_variance [256]
st_parameter res4f_branch2c_conv_offset.w_0 [2, 256, 1, 1]
st_parameter res4f_branch2c_conv_offset.b_0 [2]
st_parameter res4f_branch2c_weights [1024, 256, 1, 1]
st_parameter bn4f_branch2c_scale [1024]
st_parameter bn4f_branch2c_offset [1024]
st_parameter bn4f_branch2c_mean [1024]
st_parameter bn4f_branch2c_variance [1024]
st_parameter res5a_branch1_conv_offset.w_0 [2, 1024, 1, 1]
st_parameter res5a_branch1_conv_offset.b_0 [2]
st_parameter res5a_branch1_weights [2048, 1024, 1, 1]
st_parameter bn5a_branch1_scale [2048]
st_parameter bn5a_branch1_offset [2048]
st_parameter bn5a_branch1_mean [2048]
st_parameter bn5a_branch1_variance [2048]
st_parameter res5a_branch2a_conv_offset.w_0 [2, 1024, 1, 1]
st_parameter res5a_branch2a_conv_offset.b_0 [2]
st_parameter res5a_branch2a_weights [512, 1024, 1, 1]
st_parameter bn5a_branch2a_scale [512]
st_parameter bn5a_branch2a_offset [512]
st_parameter bn5a_branch2a_mean [512]
st_parameter bn5a_branch2a_variance [512]
st_parameter res5a_branch2b_conv_offset.w_0 [18, 512, 3, 3]
st_parameter res5a_branch2b_conv_offset.b_0 [18]
st_parameter res5a_branch2b_weights [512, 512, 3, 3]
st_parameter bn5a_branch2b_scale [512]
st_parameter bn5a_branch2b_offset [512]
st_parameter bn5a_branch2b_mean [512]
st_parameter bn5a_branch2b_variance [512]
st_parameter res5a_branch2c_conv_offset.w_0 [2, 512, 1, 1]
st_parameter res5a_branch2c_conv_offset.b_0 [2]
st_parameter res5a_branch2c_weights [2048, 512, 1, 1]
st_parameter bn5a_branch2c_scale [2048]
st_parameter bn5a_branch2c_offset [2048]
st_parameter bn5a_branch2c_mean [2048]
st_parameter bn5a_branch2c_variance [2048]
st_parameter res5b_branch2a_conv_offset.w_0 [2, 2048, 1, 1]
st_parameter res5b_branch2a_conv_offset.b_0 [2]
st_parameter res5b_branch2a_weights [512, 2048, 1, 1]
st_parameter bn5b_branch2a_scale [512]
st_parameter bn5b_branch2a_offset [512]
st_parameter bn5b_branch2a_mean [512]
st_parameter bn5b_branch2a_variance [512]
st_parameter res5b_branch2b_conv_offset.w_0 [18, 512, 3, 3]
st_parameter res5b_branch2b_conv_offset.b_0 [18]
st_parameter res5b_branch2b_weights [512, 512, 3, 3]
st_parameter bn5b_branch2b_scale [512]
st_parameter bn5b_branch2b_offset [512]
st_parameter bn5b_branch2b_mean [512]
st_parameter bn5b_branch2b_variance [512]
st_parameter res5b_branch2c_conv_offset.w_0 [2, 512, 1, 1]
st_parameter res5b_branch2c_conv_offset.b_0 [2]
st_parameter res5b_branch2c_weights [2048, 512, 1, 1]
st_parameter bn5b_branch2c_scale [2048]
st_parameter bn5b_branch2c_offset [2048]
st_parameter bn5b_branch2c_mean [2048]
st_parameter bn5b_branch2c_variance [2048]
st_parameter res5c_branch2a_conv_offset.w_0 [2, 2048, 1, 1]
st_parameter res5c_branch2a_conv_offset.b_0 [2]
st_parameter res5c_branch2a_weights [512, 2048, 1, 1]
st_parameter bn5c_branch2a_scale [512]
st_parameter bn5c_branch2a_offset [512]
st_parameter bn5c_branch2a_mean [512]
st_parameter bn5c_branch2a_variance [512]
st_parameter res5c_branch2b_conv_offset.w_0 [18, 512, 3, 3]
st_parameter res5c_branch2b_conv_offset.b_0 [18]
st_parameter res5c_branch2b_weights [512, 512, 3, 3]
st_parameter bn5c_branch2b_scale [512]
st_parameter bn5c_branch2b_offset [512]
st_parameter bn5c_branch2b_mean [512]
st_parameter bn5c_branch2b_variance [512]
st_parameter res5c_branch2c_conv_offset.w_0 [2, 512, 1, 1]
st_parameter res5c_branch2c_conv_offset.b_0 [2]
st_parameter res5c_branch2c_weights [2048, 512, 1, 1]
st_parameter bn5c_branch2c_scale [2048]
st_parameter bn5c_branch2c_offset [2048]
st_parameter bn5c_branch2c_mean [2048]
st_parameter bn5c_branch2c_variance [2048]
st_parameter conv2d_55.w_0 [64, 256, 1, 1]
st_parameter conv2d_55.b_0 [64]
st_parameter conv2d_56.w_0 [64, 64, 3, 3]
st_parameter conv2d_56.b_0 [64]
st_parameter conv2d_57.w_0 [64, 512, 1, 1]
st_parameter conv2d_57.b_0 [64]
st_parameter conv2d_58.w_0 [64, 64, 3, 3]
st_parameter conv2d_58.b_0 [64]
st_parameter conv2d_59.w_0 [64, 1024, 1, 1]
st_parameter conv2d_59.b_0 [64]
st_parameter conv2d_60.w_0 [64, 64, 3, 3]
st_parameter conv2d_60.b_0 [64]
st_parameter conv2d_61.w_0 [64, 2048, 1, 1]
st_parameter conv2d_61.b_0 [64]
st_parameter conv2d_62.w_0 [64, 64, 3, 3]
st_parameter conv2d_62.b_0 [64]
st_parameter conv2d_63.w_0 [64, 64, 3, 3]
st_parameter conv2d_63.b_0 [64]
st_parameter conv2d_64.w_0 [3, 64, 1, 1]
st_parameter conv2d_64.b_0 [3]
st_parameter conv2d_65.w_0 [12, 64, 1, 1]
st_parameter conv2d_65.b_0 [12]
st_parameter linear_0.w_0 [3136, 1024]
st_parameter linear_0.b_0 [1024]
st_parameter linear_1.w_0 [1024, 1024]
st_parameter linear_1.b_0 [1024]
st_parameter linear_2.w_0 [1024, 81]
st_parameter linear_2.b_0 [81]
st_parameter linear_3.w_0 [1024, 324]
st_parameter linear_3.b_0 [324]
state_dict 139885761355624 []
state_dict 139885769753528 []
state_dict 139885769753616 []
state_dict 139885764707168 []
state_dict 139885764707256 ['backbone.conv1.conv1_1.offset.weight', 'backbone.conv1.conv1_1.offset.bias']
state_dict 139885764707520 ['backbone.conv1.conv1_1.deform_conv.weight']
state_dict 139885764707608 ['backbone.conv1.conv1_1.norm.weight', 'backbone.conv1.conv1_1.norm.bias', 'backbone.conv1.conv1_1.norm._mean', 'backbone.conv1.conv1_1.norm._variance']
state_dict 139885764708136 []
state_dict 139885764708224 ['backbone.conv1.conv1_2.offset.weight', 'backbone.conv1.conv1_2.offset.bias']
state_dict 139885764708488 ['backbone.conv1.conv1_2.deform_conv.weight']
state_dict 139885764708576 ['backbone.conv1.conv1_2.norm.weight', 'backbone.conv1.conv1_2.norm.bias', 'backbone.conv1.conv1_2.norm._mean', 'backbone.conv1.conv1_2.norm._variance']
state_dict 139885764709104 []
state_dict 139885764709192 ['backbone.conv1.conv1_3.offset.weight', 'backbone.conv1.conv1_3.offset.bias']
state_dict 139885764709456 ['backbone.conv1.conv1_3.deform_conv.weight']
state_dict 139885764709544 ['backbone.conv1.conv1_3.norm.weight', 'backbone.conv1.conv1_3.norm.bias', 'backbone.conv1.conv1_3.norm._mean', 'backbone.conv1.conv1_3.norm._variance']
state_dict 139885764710072 []
state_dict 139885764710160 []
state_dict 139885764710248 []
state_dict 139885764710336 []
state_dict 139885764444232 ['backbone.res2.res2a.short.offset.weight', 'backbone.res2.res2a.short.offset.bias']
state_dict 139885764444496 ['backbone.res2.res2a.short.deform_conv.weight']
state_dict 139885764444584 ['backbone.res2.res2a.short.norm.weight', 'backbone.res2.res2a.short.norm.bias', 'backbone.res2.res2a.short.norm._mean', 'backbone.res2.res2a.short.norm._variance']
state_dict 139885764445112 []
state_dict 139885764445200 ['backbone.res2.res2a.branch2a.offset.weight', 'backbone.res2.res2a.branch2a.offset.bias']
state_dict 139885764445464 ['backbone.res2.res2a.branch2a.deform_conv.weight']
state_dict 139885764445552 ['backbone.res2.res2a.branch2a.norm.weight', 'backbone.res2.res2a.branch2a.norm.bias', 'backbone.res2.res2a.branch2a.norm._mean', 'backbone.res2.res2a.branch2a.norm._variance']
state_dict 139885764446080 []
state_dict 139885764446168 ['backbone.res2.res2a.branch2b.offset.weight', 'backbone.res2.res2a.branch2b.offset.bias']
state_dict 139885764446432 ['backbone.res2.res2a.branch2b.deform_conv.weight']
state_dict 139885764446520 ['backbone.res2.res2a.branch2b.norm.weight', 'backbone.res2.res2a.branch2b.norm.bias', 'backbone.res2.res2a.branch2b.norm._mean', 'backbone.res2.res2a.branch2b.norm._variance']
state_dict 139885764447048 []
state_dict 139885764447136 ['backbone.res2.res2a.branch2c.offset.weight', 'backbone.res2.res2a.branch2c.offset.bias']
state_dict 139885764447400 ['backbone.res2.res2a.branch2c.deform_conv.weight']
state_dict 139885764447488 ['backbone.res2.res2a.branch2c.norm.weight', 'backbone.res2.res2a.branch2c.norm.bias', 'backbone.res2.res2a.branch2c.norm._mean', 'backbone.res2.res2a.branch2c.norm._variance']
state_dict 139885764448016 []
state_dict 139885764448104 []
state_dict 139885764448192 ['backbone.res2.res2b.branch2a.offset.weight', 'backbone.res2.res2b.branch2a.offset.bias']
state_dict 139885764501752 ['backbone.res2.res2b.branch2a.deform_conv.weight']
state_dict 139885764501840 ['backbone.res2.res2b.branch2a.norm.weight', 'backbone.res2.res2b.branch2a.norm.bias', 'backbone.res2.res2b.branch2a.norm._mean', 'backbone.res2.res2b.branch2a.norm._variance']
state_dict 139885764502368 []
state_dict 139885764502456 ['backbone.res2.res2b.branch2b.offset.weight', 'backbone.res2.res2b.branch2b.offset.bias']
state_dict 139885764502720 ['backbone.res2.res2b.branch2b.deform_conv.weight']
state_dict 139885764502808 ['backbone.res2.res2b.branch2b.norm.weight', 'backbone.res2.res2b.branch2b.norm.bias', 'backbone.res2.res2b.branch2b.norm._mean', 'backbone.res2.res2b.branch2b.norm._variance']
state_dict 139885764503336 []
state_dict 139885764503424 ['backbone.res2.res2b.branch2c.offset.weight', 'backbone.res2.res2b.branch2c.offset.bias']
state_dict 139885764503688 ['backbone.res2.res2b.branch2c.deform_conv.weight']
state_dict 139885764503776 ['backbone.res2.res2b.branch2c.norm.weight', 'backbone.res2.res2b.branch2c.norm.bias', 'backbone.res2.res2b.branch2c.norm._mean', 'backbone.res2.res2b.branch2c.norm._variance']
state_dict 139885764504304 []
state_dict 139885764504392 []
state_dict 139885764504480 ['backbone.res2.res2c.branch2a.offset.weight', 'backbone.res2.res2c.branch2a.offset.bias']
state_dict 139885764504744 ['backbone.res2.res2c.branch2a.deform_conv.weight']
state_dict 139885764504832 ['backbone.res2.res2c.branch2a.norm.weight', 'backbone.res2.res2c.branch2a.norm.bias', 'backbone.res2.res2c.branch2a.norm._mean', 'backbone.res2.res2c.branch2a.norm._variance']
state_dict 139885764505360 []
state_dict 139885764505448 ['backbone.res2.res2c.branch2b.offset.weight', 'backbone.res2.res2c.branch2b.offset.bias']
state_dict 139885764563104 ['backbone.res2.res2c.branch2b.deform_conv.weight']
state_dict 139885764563192 ['backbone.res2.res2c.branch2b.norm.weight', 'backbone.res2.res2c.branch2b.norm.bias', 'backbone.res2.res2c.branch2b.norm._mean', 'backbone.res2.res2c.branch2b.norm._variance']
state_dict 139885764563720 []
state_dict 139885764563808 ['backbone.res2.res2c.branch2c.offset.weight', 'backbone.res2.res2c.branch2c.offset.bias']
state_dict 139885764564072 ['backbone.res2.res2c.branch2c.deform_conv.weight']
state_dict 139885764564160 ['backbone.res2.res2c.branch2c.norm.weight', 'backbone.res2.res2c.branch2c.norm.bias', 'backbone.res2.res2c.branch2c.norm._mean', 'backbone.res2.res2c.branch2c.norm._variance']
state_dict 139885764564688 []
state_dict 139885764564776 []
state_dict 139885764564864 []
state_dict 139885764564952 ['backbone.res3.res3a.short.offset.weight', 'backbone.res3.res3a.short.offset.bias']
state_dict 139885764565216 ['backbone.res3.res3a.short.deform_conv.weight']
state_dict 139885764565304 ['backbone.res3.res3a.short.norm.weight', 'backbone.res3.res3a.short.norm.bias', 'backbone.res3.res3a.short.norm._mean', 'backbone.res3.res3a.short.norm._variance']
state_dict 139885764565832 []
state_dict 139885764565920 ['backbone.res3.res3a.branch2a.offset.weight', 'backbone.res3.res3a.branch2a.offset.bias']
state_dict 139885764566184 ['backbone.res3.res3a.branch2a.deform_conv.weight']
state_dict 139885764566272 ['backbone.res3.res3a.branch2a.norm.weight', 'backbone.res3.res3a.branch2a.norm.bias', 'backbone.res3.res3a.branch2a.norm._mean', 'backbone.res3.res3a.branch2a.norm._variance']
state_dict 139885764566800 []
state_dict 139885764566888 ['backbone.res3.res3a.branch2b.offset.weight', 'backbone.res3.res3a.branch2b.offset.bias']
state_dict 139885762019488 ['backbone.res3.res3a.branch2b.deform_conv.weight']
state_dict 139885762019576 ['backbone.res3.res3a.branch2b.norm.weight', 'backbone.res3.res3a.branch2b.norm.bias', 'backbone.res3.res3a.branch2b.norm._mean', 'backbone.res3.res3a.branch2b.norm._variance']
state_dict 139885762020104 []
state_dict 139885762020192 ['backbone.res3.res3a.branch2c.offset.weight', 'backbone.res3.res3a.branch2c.offset.bias']
state_dict 139885762020456 ['backbone.res3.res3a.branch2c.deform_conv.weight']
state_dict 139885762020544 ['backbone.res3.res3a.branch2c.norm.weight', 'backbone.res3.res3a.branch2c.norm.bias', 'backbone.res3.res3a.branch2c.norm._mean', 'backbone.res3.res3a.branch2c.norm._variance']
state_dict 139885762021072 []
state_dict 139885762021160 []
state_dict 139885762021248 ['backbone.res3.res3b.branch2a.offset.weight', 'backbone.res3.res3b.branch2a.offset.bias']
state_dict 139885762021512 ['backbone.res3.res3b.branch2a.deform_conv.weight']
state_dict 139885762021600 ['backbone.res3.res3b.branch2a.norm.weight', 'backbone.res3.res3b.branch2a.norm.bias', 'backbone.res3.res3b.branch2a.norm._mean', 'backbone.res3.res3b.branch2a.norm._variance']
state_dict 139885762022128 []
state_dict 139885762022216 ['backbone.res3.res3b.branch2b.offset.weight', 'backbone.res3.res3b.branch2b.offset.bias']
state_dict 139885762022480 ['backbone.res3.res3b.branch2b.deform_conv.weight']
state_dict 139885762022568 ['backbone.res3.res3b.branch2b.norm.weight', 'backbone.res3.res3b.branch2b.norm.bias', 'backbone.res3.res3b.branch2b.norm._mean', 'backbone.res3.res3b.branch2b.norm._variance']
state_dict 139885762023096 []
state_dict 139885762023184 ['backbone.res3.res3b.branch2c.offset.weight', 'backbone.res3.res3b.branch2c.offset.bias']
state_dict 139885762097224 ['backbone.res3.res3b.branch2c.deform_conv.weight']
state_dict 139885762097312 ['backbone.res3.res3b.branch2c.norm.weight', 'backbone.res3.res3b.branch2c.norm.bias', 'backbone.res3.res3b.branch2c.norm._mean', 'backbone.res3.res3b.branch2c.norm._variance']
state_dict 139885762097840 []
state_dict 139885762097928 []
state_dict 139885762098016 ['backbone.res3.res3c.branch2a.offset.weight', 'backbone.res3.res3c.branch2a.offset.bias']
state_dict 139885762098280 ['backbone.res3.res3c.branch2a.deform_conv.weight']
state_dict 139885762098368 ['backbone.res3.res3c.branch2a.norm.weight', 'backbone.res3.res3c.branch2a.norm.bias', 'backbone.res3.res3c.branch2a.norm._mean', 'backbone.res3.res3c.branch2a.norm._variance']
state_dict 139885762098896 []
state_dict 139885762098984 ['backbone.res3.res3c.branch2b.offset.weight', 'backbone.res3.res3c.branch2b.offset.bias']
state_dict 139885762099248 ['backbone.res3.res3c.branch2b.deform_conv.weight']
state_dict 139885762099336 ['backbone.res3.res3c.branch2b.norm.weight', 'backbone.res3.res3c.branch2b.norm.bias', 'backbone.res3.res3c.branch2b.norm._mean', 'backbone.res3.res3c.branch2b.norm._variance']
state_dict 139885762099864 []
state_dict 139885762099952 ['backbone.res3.res3c.branch2c.offset.weight', 'backbone.res3.res3c.branch2c.offset.bias']
state_dict 139885762100216 ['backbone.res3.res3c.branch2c.deform_conv.weight']
state_dict 139885762100304 ['backbone.res3.res3c.branch2c.norm.weight', 'backbone.res3.res3c.branch2c.norm.bias', 'backbone.res3.res3c.branch2c.norm._mean', 'backbone.res3.res3c.branch2c.norm._variance']
state_dict 139885762100832 []
state_dict 139885762100920 []
state_dict 139885762101008 ['backbone.res3.res3d.branch2a.offset.weight', 'backbone.res3.res3d.branch2a.offset.bias']
state_dict 139885762191432 ['backbone.res3.res3d.branch2a.deform_conv.weight']
state_dict 139885762191520 ['backbone.res3.res3d.branch2a.norm.weight', 'backbone.res3.res3d.branch2a.norm.bias', 'backbone.res3.res3d.branch2a.norm._mean', 'backbone.res3.res3d.branch2a.norm._variance']
state_dict 139885762192048 []
state_dict 139885762192136 ['backbone.res3.res3d.branch2b.offset.weight', 'backbone.res3.res3d.branch2b.offset.bias']
state_dict 139885762192400 ['backbone.res3.res3d.branch2b.deform_conv.weight']
state_dict 139885762192488 ['backbone.res3.res3d.branch2b.norm.weight', 'backbone.res3.res3d.branch2b.norm.bias', 'backbone.res3.res3d.branch2b.norm._mean', 'backbone.res3.res3d.branch2b.norm._variance']
state_dict 139885762193016 []
state_dict 139885762193104 ['backbone.res3.res3d.branch2c.offset.weight', 'backbone.res3.res3d.branch2c.offset.bias']
state_dict 139885762193368 ['backbone.res3.res3d.branch2c.deform_conv.weight']
state_dict 139885762193456 ['backbone.res3.res3d.branch2c.norm.weight', 'backbone.res3.res3d.branch2c.norm.bias', 'backbone.res3.res3d.branch2c.norm._mean', 'backbone.res3.res3d.branch2c.norm._variance']
state_dict 139885762193984 []
state_dict 139885762194072 []
state_dict 139885762194160 []
state_dict 139885762194248 ['backbone.res4.res4a.short.offset.weight', 'backbone.res4.res4a.short.offset.bias']
state_dict 139885762194512 ['backbone.res4.res4a.short.deform_conv.weight']
state_dict 139885762194600 ['backbone.res4.res4a.short.norm.weight', 'backbone.res4.res4a.short.norm.bias', 'backbone.res4.res4a.short.norm._mean', 'backbone.res4.res4a.short.norm._variance']
state_dict 139885762195128 []
state_dict 139885762195216 ['backbone.res4.res4a.branch2a.offset.weight', 'backbone.res4.res4a.branch2a.offset.bias']
state_dict 139885761765448 ['backbone.res4.res4a.branch2a.deform_conv.weight']
state_dict 139885761765536 ['backbone.res4.res4a.branch2a.norm.weight', 'backbone.res4.res4a.branch2a.norm.bias', 'backbone.res4.res4a.branch2a.norm._mean', 'backbone.res4.res4a.branch2a.norm._variance']
state_dict 139885761766064 []
state_dict 139885761766152 ['backbone.res4.res4a.branch2b.offset.weight', 'backbone.res4.res4a.branch2b.offset.bias']
state_dict 139885761766416 ['backbone.res4.res4a.branch2b.deform_conv.weight']
state_dict 139885761766504 ['backbone.res4.res4a.branch2b.norm.weight', 'backbone.res4.res4a.branch2b.norm.bias', 'backbone.res4.res4a.branch2b.norm._mean', 'backbone.res4.res4a.branch2b.norm._variance']
state_dict 139885761767032 []
state_dict 139885761767120 ['backbone.res4.res4a.branch2c.offset.weight', 'backbone.res4.res4a.branch2c.offset.bias']
state_dict 139885761767384 ['backbone.res4.res4a.branch2c.deform_conv.weight']
state_dict 139885761767472 ['backbone.res4.res4a.branch2c.norm.weight', 'backbone.res4.res4a.branch2c.norm.bias', 'backbone.res4.res4a.branch2c.norm._mean', 'backbone.res4.res4a.branch2c.norm._variance']
state_dict 139885761768000 []
state_dict 139885761768088 []
state_dict 139885761768176 ['backbone.res4.res4b.branch2a.offset.weight', 'backbone.res4.res4b.branch2a.offset.bias']
state_dict 139885761768440 ['backbone.res4.res4b.branch2a.deform_conv.weight']
state_dict 139885761768528 ['backbone.res4.res4b.branch2a.norm.weight', 'backbone.res4.res4b.branch2a.norm.bias', 'backbone.res4.res4b.branch2a.norm._mean', 'backbone.res4.res4b.branch2a.norm._variance']
state_dict 139885761769056 []
state_dict 139885761769144 ['backbone.res4.res4b.branch2b.offset.weight', 'backbone.res4.res4b.branch2b.offset.bias']
state_dict 139885761769408 ['backbone.res4.res4b.branch2b.deform_conv.weight']
state_dict 139885761847456 ['backbone.res4.res4b.branch2b.norm.weight', 'backbone.res4.res4b.branch2b.norm.bias', 'backbone.res4.res4b.branch2b.norm._mean', 'backbone.res4.res4b.branch2b.norm._variance']
state_dict 139885761847896 []
state_dict 139885761847984 ['backbone.res4.res4b.branch2c.offset.weight', 'backbone.res4.res4b.branch2c.offset.bias']
state_dict 139885761848248 ['backbone.res4.res4b.branch2c.deform_conv.weight']
state_dict 139885761848336 ['backbone.res4.res4b.branch2c.norm.weight', 'backbone.res4.res4b.branch2c.norm.bias', 'backbone.res4.res4b.branch2c.norm._mean', 'backbone.res4.res4b.branch2c.norm._variance']
state_dict 139885761848864 []
state_dict 139885761848952 []
state_dict 139885761849040 ['backbone.res4.res4c.branch2a.offset.weight', 'backbone.res4.res4c.branch2a.offset.bias']
state_dict 139885761849304 ['backbone.res4.res4c.branch2a.deform_conv.weight']
state_dict 139885761849392 ['backbone.res4.res4c.branch2a.norm.weight', 'backbone.res4.res4c.branch2a.norm.bias', 'backbone.res4.res4c.branch2a.norm._mean', 'backbone.res4.res4c.branch2a.norm._variance']
state_dict 139885761849920 []
state_dict 139885761850008 ['backbone.res4.res4c.branch2b.offset.weight', 'backbone.res4.res4c.branch2b.offset.bias']
state_dict 139885761850272 ['backbone.res4.res4c.branch2b.deform_conv.weight']
state_dict 139885761850360 ['backbone.res4.res4c.branch2b.norm.weight', 'backbone.res4.res4c.branch2b.norm.bias', 'backbone.res4.res4c.branch2b.norm._mean', 'backbone.res4.res4c.branch2b.norm._variance']
state_dict 139885761850888 []
state_dict 139885761850976 ['backbone.res4.res4c.branch2c.offset.weight', 'backbone.res4.res4c.branch2c.offset.bias']
state_dict 139885761851240 ['backbone.res4.res4c.branch2c.deform_conv.weight']
state_dict 139885761945672 ['backbone.res4.res4c.branch2c.norm.weight', 'backbone.res4.res4c.branch2c.norm.bias', 'backbone.res4.res4c.branch2c.norm._mean', 'backbone.res4.res4c.branch2c.norm._variance']
state_dict 139885761946112 []
state_dict 139885761946200 []
state_dict 139885761946288 ['backbone.res4.res4d.branch2a.offset.weight', 'backbone.res4.res4d.branch2a.offset.bias']
state_dict 139885761946552 ['backbone.res4.res4d.branch2a.deform_conv.weight']
state_dict 139885761946640 ['backbone.res4.res4d.branch2a.norm.weight', 'backbone.res4.res4d.branch2a.norm.bias', 'backbone.res4.res4d.branch2a.norm._mean', 'backbone.res4.res4d.branch2a.norm._variance']
state_dict 139885761947168 []
state_dict 139885761947256 ['backbone.res4.res4d.branch2b.offset.weight', 'backbone.res4.res4d.branch2b.offset.bias']
state_dict 139885761947520 ['backbone.res4.res4d.branch2b.deform_conv.weight']
state_dict 139885761947608 ['backbone.res4.res4d.branch2b.norm.weight', 'backbone.res4.res4d.branch2b.norm.bias', 'backbone.res4.res4d.branch2b.norm._mean', 'backbone.res4.res4d.branch2b.norm._variance']
state_dict 139885761948136 []
state_dict 139885761948224 ['backbone.res4.res4d.branch2c.offset.weight', 'backbone.res4.res4d.branch2c.offset.bias']
state_dict 139885761948488 ['backbone.res4.res4d.branch2c.deform_conv.weight']
state_dict 139885761948576 ['backbone.res4.res4d.branch2c.norm.weight', 'backbone.res4.res4d.branch2c.norm.bias', 'backbone.res4.res4d.branch2c.norm._mean', 'backbone.res4.res4d.branch2c.norm._variance']
state_dict 139885761949104 []
state_dict 139885761949192 []
state_dict 139885761949280 ['backbone.res4.res4e.branch2a.offset.weight', 'backbone.res4.res4e.branch2a.offset.bias']
state_dict 139885761949544 ['backbone.res4.res4e.branch2a.deform_conv.weight']
state_dict 139885761511496 ['backbone.res4.res4e.branch2a.norm.weight', 'backbone.res4.res4e.branch2a.norm.bias', 'backbone.res4.res4e.branch2a.norm._mean', 'backbone.res4.res4e.branch2a.norm._variance']
state_dict 139885761511936 []
state_dict 139885761512024 ['backbone.res4.res4e.branch2b.offset.weight', 'backbone.res4.res4e.branch2b.offset.bias']
state_dict 139885761512288 ['backbone.res4.res4e.branch2b.deform_conv.weight']
state_dict 139885761512376 ['backbone.res4.res4e.branch2b.norm.weight', 'backbone.res4.res4e.branch2b.norm.bias', 'backbone.res4.res4e.branch2b.norm._mean', 'backbone.res4.res4e.branch2b.norm._variance']
state_dict 139885761512904 []
state_dict 139885761512992 ['backbone.res4.res4e.branch2c.offset.weight', 'backbone.res4.res4e.branch2c.offset.bias']
state_dict 139885761513256 ['backbone.res4.res4e.branch2c.deform_conv.weight']
state_dict 139885761513344 ['backbone.res4.res4e.branch2c.norm.weight', 'backbone.res4.res4e.branch2c.norm.bias', 'backbone.res4.res4e.branch2c.norm._mean', 'backbone.res4.res4e.branch2c.norm._variance']
state_dict 139885761513872 []
state_dict 139885761513960 []
state_dict 139885761514048 ['backbone.res4.res4f.branch2a.offset.weight', 'backbone.res4.res4f.branch2a.offset.bias']
state_dict 139885761514312 ['backbone.res4.res4f.branch2a.deform_conv.weight']
state_dict 139885761514400 ['backbone.res4.res4f.branch2a.norm.weight', 'backbone.res4.res4f.branch2a.norm.bias', 'backbone.res4.res4f.branch2a.norm._mean', 'backbone.res4.res4f.branch2a.norm._variance']
state_dict 139885761514928 []
state_dict 139885761515016 ['backbone.res4.res4f.branch2b.offset.weight', 'backbone.res4.res4f.branch2b.offset.bias']
state_dict 139885761515280 ['backbone.res4.res4f.branch2b.deform_conv.weight']
state_dict 139885761515368 ['backbone.res4.res4f.branch2b.norm.weight', 'backbone.res4.res4f.branch2b.norm.bias', 'backbone.res4.res4f.branch2b.norm._mean', 'backbone.res4.res4f.branch2b.norm._variance']
state_dict 139885761601960 []
state_dict 139885761602048 ['backbone.res4.res4f.branch2c.offset.weight', 'backbone.res4.res4f.branch2c.offset.bias']
state_dict 139885761602312 ['backbone.res4.res4f.branch2c.deform_conv.weight']
state_dict 139885761602400 ['backbone.res4.res4f.branch2c.norm.weight', 'backbone.res4.res4f.branch2c.norm.bias', 'backbone.res4.res4f.branch2c.norm._mean', 'backbone.res4.res4f.branch2c.norm._variance']
state_dict 139885761602928 []
state_dict 139885761603016 []
state_dict 139885761603104 []
state_dict 139885761603192 ['backbone.res5.res5a.short.offset.weight', 'backbone.res5.res5a.short.offset.bias']
state_dict 139885761603456 ['backbone.res5.res5a.short.deform_conv.weight']
state_dict 139885761603544 ['backbone.res5.res5a.short.norm.weight', 'backbone.res5.res5a.short.norm.bias', 'backbone.res5.res5a.short.norm._mean', 'backbone.res5.res5a.short.norm._variance']
state_dict 139885761604072 []
state_dict 139885761604160 ['backbone.res5.res5a.branch2a.offset.weight', 'backbone.res5.res5a.branch2a.offset.bias']
state_dict 139885761604424 ['backbone.res5.res5a.branch2a.deform_conv.weight']
state_dict 139885761604512 ['backbone.res5.res5a.branch2a.norm.weight', 'backbone.res5.res5a.branch2a.norm.bias', 'backbone.res5.res5a.branch2a.norm._mean', 'backbone.res5.res5a.branch2a.norm._variance']
state_dict 139885761605040 []
state_dict 139885761605128 ['backbone.res5.res5a.branch2b.offset.weight', 'backbone.res5.res5a.branch2b.offset.bias']
state_dict 139885761605392 ['backbone.res5.res5a.branch2b.deform_conv.weight']
state_dict 139885761605480 ['backbone.res5.res5a.branch2b.norm.weight', 'backbone.res5.res5a.branch2b.norm.bias', 'backbone.res5.res5a.branch2b.norm._mean', 'backbone.res5.res5a.branch2b.norm._variance']
state_dict 139885761692072 []
state_dict 139885761692160 ['backbone.res5.res5a.branch2c.offset.weight', 'backbone.res5.res5a.branch2c.offset.bias']
state_dict 139885761692424 ['backbone.res5.res5a.branch2c.deform_conv.weight']
state_dict 139885761692512 ['backbone.res5.res5a.branch2c.norm.weight', 'backbone.res5.res5a.branch2c.norm.bias', 'backbone.res5.res5a.branch2c.norm._mean', 'backbone.res5.res5a.branch2c.norm._variance']
state_dict 139885761693040 []
state_dict 139885761693128 []
state_dict 139885761693216 ['backbone.res5.res5b.branch2a.offset.weight', 'backbone.res5.res5b.branch2a.offset.bias']
state_dict 139885761693480 ['backbone.res5.res5b.branch2a.deform_conv.weight']
state_dict 139885761693568 ['backbone.res5.res5b.branch2a.norm.weight', 'backbone.res5.res5b.branch2a.norm.bias', 'backbone.res5.res5b.branch2a.norm._mean', 'backbone.res5.res5b.branch2a.norm._variance']
state_dict 139885761694096 []
state_dict 139885761694184 ['backbone.res5.res5b.branch2b.offset.weight', 'backbone.res5.res5b.branch2b.offset.bias']
state_dict 139885761694448 ['backbone.res5.res5b.branch2b.deform_conv.weight']
state_dict 139885761694536 ['backbone.res5.res5b.branch2b.norm.weight', 'backbone.res5.res5b.branch2b.norm.bias', 'backbone.res5.res5b.branch2b.norm._mean', 'backbone.res5.res5b.branch2b.norm._variance']
state_dict 139885761695064 []
state_dict 139885761695152 ['backbone.res5.res5b.branch2c.offset.weight', 'backbone.res5.res5b.branch2c.offset.bias']
state_dict 139885761695416 ['backbone.res5.res5b.branch2c.deform_conv.weight']
state_dict 139885761695504 ['backbone.res5.res5b.branch2c.norm.weight', 'backbone.res5.res5b.branch2c.norm.bias', 'backbone.res5.res5b.branch2c.norm._mean', 'backbone.res5.res5b.branch2c.norm._variance']
state_dict 139885761261904 []
state_dict 139885761261992 []
state_dict 139885761262080 ['backbone.res5.res5c.branch2a.offset.weight', 'backbone.res5.res5c.branch2a.offset.bias']
state_dict 139885761262344 ['backbone.res5.res5c.branch2a.deform_conv.weight']
state_dict 139885761262432 ['backbone.res5.res5c.branch2a.norm.weight', 'backbone.res5.res5c.branch2a.norm.bias', 'backbone.res5.res5c.branch2a.norm._mean', 'backbone.res5.res5c.branch2a.norm._variance']
state_dict 139885761262960 []
state_dict 139885761263048 ['backbone.res5.res5c.branch2b.offset.weight', 'backbone.res5.res5c.branch2b.offset.bias']
state_dict 139885761263312 ['backbone.res5.res5c.branch2b.deform_conv.weight']
state_dict 139885761263400 ['backbone.res5.res5c.branch2b.norm.weight', 'backbone.res5.res5c.branch2b.norm.bias', 'backbone.res5.res5c.branch2b.norm._mean', 'backbone.res5.res5c.branch2b.norm._variance']
state_dict 139885761263928 []
state_dict 139885761264016 ['backbone.res5.res5c.branch2c.offset.weight', 'backbone.res5.res5c.branch2c.offset.bias']
state_dict 139885761264280 ['backbone.res5.res5c.branch2c.deform_conv.weight']
state_dict 139885761264368 ['backbone.res5.res5c.branch2c.norm.weight', 'backbone.res5.res5c.branch2c.norm.bias', 'backbone.res5.res5c.branch2c.norm._mean', 'backbone.res5.res5c.branch2c.norm._variance']
state_dict 139885761353512 []
state_dict 139885761352984 []
state_dict 139885761353248 ['rpn_head.rpn_feat.rpn_conv.weight', 'rpn_head.rpn_feat.rpn_conv.bias']
state_dict 139885761353600 ['rpn_head.rpn_rois_score.weight', 'rpn_head.rpn_rois_score.bias']
state_dict 139885761353864 ['rpn_head.rpn_rois_delta.weight', 'rpn_head.rpn_rois_delta.bias']
state_dict 139885761355008 []
state_dict 139885761354920 []
state_dict 139885761354128 []
state_dict 139885761354216 ['bbox_head.bbox_feat.head_feat.fc6_0.weight', 'bbox_head.bbox_feat.head_feat.fc6_0.bias']
state_dict 139885761354480 []
state_dict 139885761354568 ['bbox_head.bbox_feat.head_feat.fc7_0.weight', 'bbox_head.bbox_feat.head_feat.fc7_0.bias']
state_dict 139885761354832 []
state_dict 139885761355096 ['bbox_head.bbox_score_0.weight', 'bbox_head.bbox_score_0.bias']
state_dict 139885761355360 ['bbox_head.bbox_delta_0.weight', 'bbox_head.bbox_delta_0.bias']
state_dict 139885761264896 []
state_dict 139885761264984 ['neck.fpn_inner_res2_sum_lateral.weight', 'neck.fpn_inner_res2_sum_lateral.bias']
state_dict 139885761265072 ['neck.fpn_res2_sum.weight', 'neck.fpn_res2_sum.bias']
state_dict 139885761265336 ['neck.fpn_inner_res3_sum_lateral.weight', 'neck.fpn_inner_res3_sum_lateral.bias']
state_dict 139885761351752 ['neck.fpn_res3_sum.weight', 'neck.fpn_res3_sum.bias']
state_dict 139885761351928 ['neck.fpn_inner_res4_sum_lateral.weight', 'neck.fpn_inner_res4_sum_lateral.bias']
state_dict 139885761352192 ['neck.fpn_res4_sum.weight', 'neck.fpn_res4_sum.bias']
state_dict 139885761352456 ['neck.fpn_inner_res5_sum.weight', 'neck.fpn_inner_res5_sum.bias']
state_dict 139885761352720 ['neck.fpn_res5_sum.weight', 'neck.fpn_res5_sum.bias']
cfg.weights:  output/faster_rcnn_dcn_r50_vd_fpn_3x_server_side.pdparams
loading annotations into memory...
Done (t=0.00s)
creating index...
index created!
/paddle/code/convert_1208/PaddleDetection/ppdet/core/workspace.py:146: DeprecationWarning: Using or importing the ABCs from 'collections' instead of from 'collections.abc' is deprecated, and in 3.8 it will stop working
  isinstance(merge_dct[k], collections.Mapping)):
dy_parameter 139885764707256 weight [18, 3, 3, 3]
dy_parameter 139885764707256 bias [18]
dy_parameter 139885764707520 weight [32, 3, 3, 3]
dy_parameter 139885764707608 weight [32]
dy_parameter 139885764707608 bias [32]
dy_parameter 139885764707608 _mean [32]
dy_parameter 139885764707608 _variance [32]
dy_parameter 139885764708224 weight [18, 32, 3, 3]
dy_parameter 139885764708224 bias [18]
dy_parameter 139885764708488 weight [32, 32, 3, 3]
dy_parameter 139885764708576 weight [32]
dy_parameter 139885764708576 bias [32]
dy_parameter 139885764708576 _mean [32]
dy_parameter 139885764708576 _variance [32]
dy_parameter 139885764709192 weight [18, 32, 3, 3]
dy_parameter 139885764709192 bias [18]
dy_parameter 139885764709456 weight [64, 32, 3, 3]
dy_parameter 139885764709544 weight [64]
dy_parameter 139885764709544 bias [64]
dy_parameter 139885764709544 _mean [64]
dy_parameter 139885764709544 _variance [64]
dy_parameter 139885764444232 weight [2, 64, 1, 1]
dy_parameter 139885764444232 bias [2]
dy_parameter 139885764444496 weight [256, 64, 1, 1]
dy_parameter 139885764444584 weight [256]
dy_parameter 139885764444584 bias [256]
dy_parameter 139885764444584 _mean [256]
dy_parameter 139885764444584 _variance [256]
dy_parameter 139885764445200 weight [2, 64, 1, 1]
dy_parameter 139885764445200 bias [2]
dy_parameter 139885764445464 weight [64, 64, 1, 1]
dy_parameter 139885764445552 weight [64]
dy_parameter 139885764445552 bias [64]
dy_parameter 139885764445552 _mean [64]
dy_parameter 139885764445552 _variance [64]
dy_parameter 139885764446168 weight [18, 64, 3, 3]
dy_parameter 139885764446168 bias [18]
dy_parameter 139885764446432 weight [64, 64, 3, 3]
dy_parameter 139885764446520 weight [64]
dy_parameter 139885764446520 bias [64]
dy_parameter 139885764446520 _mean [64]
dy_parameter 139885764446520 _variance [64]
dy_parameter 139885764447136 weight [2, 64, 1, 1]
dy_parameter 139885764447136 bias [2]
dy_parameter 139885764447400 weight [256, 64, 1, 1]
dy_parameter 139885764447488 weight [256]
dy_parameter 139885764447488 bias [256]
dy_parameter 139885764447488 _mean [256]
dy_parameter 139885764447488 _variance [256]
dy_parameter 139885764448192 weight [2, 256, 1, 1]
dy_parameter 139885764448192 bias [2]
dy_parameter 139885764501752 weight [64, 256, 1, 1]
dy_parameter 139885764501840 weight [64]
dy_parameter 139885764501840 bias [64]
dy_parameter 139885764501840 _mean [64]
dy_parameter 139885764501840 _variance [64]
dy_parameter 139885764502456 weight [18, 64, 3, 3]
dy_parameter 139885764502456 bias [18]
dy_parameter 139885764502720 weight [64, 64, 3, 3]
dy_parameter 139885764502808 weight [64]
dy_parameter 139885764502808 bias [64]
dy_parameter 139885764502808 _mean [64]
dy_parameter 139885764502808 _variance [64]
dy_parameter 139885764503424 weight [2, 64, 1, 1]
dy_parameter 139885764503424 bias [2]
dy_parameter 139885764503688 weight [256, 64, 1, 1]
dy_parameter 139885764503776 weight [256]
dy_parameter 139885764503776 bias [256]
dy_parameter 139885764503776 _mean [256]
dy_parameter 139885764503776 _variance [256]
dy_parameter 139885764504480 weight [2, 256, 1, 1]
dy_parameter 139885764504480 bias [2]
dy_parameter 139885764504744 weight [64, 256, 1, 1]
dy_parameter 139885764504832 weight [64]
dy_parameter 139885764504832 bias [64]
dy_parameter 139885764504832 _mean [64]
dy_parameter 139885764504832 _variance [64]
dy_parameter 139885764505448 weight [18, 64, 3, 3]
dy_parameter 139885764505448 bias [18]
dy_parameter 139885764563104 weight [64, 64, 3, 3]
dy_parameter 139885764563192 weight [64]
dy_parameter 139885764563192 bias [64]
dy_parameter 139885764563192 _mean [64]
dy_parameter 139885764563192 _variance [64]
dy_parameter 139885764563808 weight [2, 64, 1, 1]
dy_parameter 139885764563808 bias [2]
dy_parameter 139885764564072 weight [256, 64, 1, 1]
dy_parameter 139885764564160 weight [256]
dy_parameter 139885764564160 bias [256]
dy_parameter 139885764564160 _mean [256]
dy_parameter 139885764564160 _variance [256]
dy_parameter 139885764564952 weight [2, 256, 1, 1]
dy_parameter 139885764564952 bias [2]
dy_parameter 139885764565216 weight [512, 256, 1, 1]
dy_parameter 139885764565304 weight [512]
dy_parameter 139885764565304 bias [512]
dy_parameter 139885764565304 _mean [512]
dy_parameter 139885764565304 _variance [512]
dy_parameter 139885764565920 weight [2, 256, 1, 1]
dy_parameter 139885764565920 bias [2]
dy_parameter 139885764566184 weight [128, 256, 1, 1]
dy_parameter 139885764566272 weight [128]
dy_parameter 139885764566272 bias [128]
dy_parameter 139885764566272 _mean [128]
dy_parameter 139885764566272 _variance [128]
dy_parameter 139885764566888 weight [18, 128, 3, 3]
dy_parameter 139885764566888 bias [18]
dy_parameter 139885762019488 weight [128, 128, 3, 3]
dy_parameter 139885762019576 weight [128]
dy_parameter 139885762019576 bias [128]
dy_parameter 139885762019576 _mean [128]
dy_parameter 139885762019576 _variance [128]
dy_parameter 139885762020192 weight [2, 128, 1, 1]
dy_parameter 139885762020192 bias [2]
dy_parameter 139885762020456 weight [512, 128, 1, 1]
dy_parameter 139885762020544 weight [512]
dy_parameter 139885762020544 bias [512]
dy_parameter 139885762020544 _mean [512]
dy_parameter 139885762020544 _variance [512]
dy_parameter 139885762021248 weight [2, 512, 1, 1]
dy_parameter 139885762021248 bias [2]
dy_parameter 139885762021512 weight [128, 512, 1, 1]
dy_parameter 139885762021600 weight [128]
dy_parameter 139885762021600 bias [128]
dy_parameter 139885762021600 _mean [128]
dy_parameter 139885762021600 _variance [128]
dy_parameter 139885762022216 weight [18, 128, 3, 3]
dy_parameter 139885762022216 bias [18]
dy_parameter 139885762022480 weight [128, 128, 3, 3]
dy_parameter 139885762022568 weight [128]
dy_parameter 139885762022568 bias [128]
dy_parameter 139885762022568 _mean [128]
dy_parameter 139885762022568 _variance [128]
dy_parameter 139885762023184 weight [2, 128, 1, 1]
dy_parameter 139885762023184 bias [2]
dy_parameter 139885762097224 weight [512, 128, 1, 1]
dy_parameter 139885762097312 weight [512]
dy_parameter 139885762097312 bias [512]
dy_parameter 139885762097312 _mean [512]
dy_parameter 139885762097312 _variance [512]
dy_parameter 139885762098016 weight [2, 512, 1, 1]
dy_parameter 139885762098016 bias [2]
dy_parameter 139885762098280 weight [128, 512, 1, 1]
dy_parameter 139885762098368 weight [128]
dy_parameter 139885762098368 bias [128]
dy_parameter 139885762098368 _mean [128]
dy_parameter 139885762098368 _variance [128]
dy_parameter 139885762098984 weight [18, 128, 3, 3]
dy_parameter 139885762098984 bias [18]
dy_parameter 139885762099248 weight [128, 128, 3, 3]
dy_parameter 139885762099336 weight [128]
dy_parameter 139885762099336 bias [128]
dy_parameter 139885762099336 _mean [128]
dy_parameter 139885762099336 _variance [128]
dy_parameter 139885762099952 weight [2, 128, 1, 1]
dy_parameter 139885762099952 bias [2]
dy_parameter 139885762100216 weight [512, 128, 1, 1]
dy_parameter 139885762100304 weight [512]
dy_parameter 139885762100304 bias [512]
dy_parameter 139885762100304 _mean [512]
dy_parameter 139885762100304 _variance [512]
dy_parameter 139885762101008 weight [2, 512, 1, 1]
dy_parameter 139885762101008 bias [2]
dy_parameter 139885762191432 weight [128, 512, 1, 1]
dy_parameter 139885762191520 weight [128]
dy_parameter 139885762191520 bias [128]
dy_parameter 139885762191520 _mean [128]
dy_parameter 139885762191520 _variance [128]
dy_parameter 139885762192136 weight [18, 128, 3, 3]
dy_parameter 139885762192136 bias [18]
dy_parameter 139885762192400 weight [128, 128, 3, 3]
dy_parameter 139885762192488 weight [128]
dy_parameter 139885762192488 bias [128]
dy_parameter 139885762192488 _mean [128]
dy_parameter 139885762192488 _variance [128]
dy_parameter 139885762193104 weight [2, 128, 1, 1]
dy_parameter 139885762193104 bias [2]
dy_parameter 139885762193368 weight [512, 128, 1, 1]
dy_parameter 139885762193456 weight [512]
dy_parameter 139885762193456 bias [512]
dy_parameter 139885762193456 _mean [512]
dy_parameter 139885762193456 _variance [512]
dy_parameter 139885762194248 weight [2, 512, 1, 1]
dy_parameter 139885762194248 bias [2]
dy_parameter 139885762194512 weight [1024, 512, 1, 1]
dy_parameter 139885762194600 weight [1024]
dy_parameter 139885762194600 bias [1024]
dy_parameter 139885762194600 _mean [1024]
dy_parameter 139885762194600 _variance [1024]
dy_parameter 139885762195216 weight [2, 512, 1, 1]
dy_parameter 139885762195216 bias [2]
dy_parameter 139885761765448 weight [256, 512, 1, 1]
dy_parameter 139885761765536 weight [256]
dy_parameter 139885761765536 bias [256]
dy_parameter 139885761765536 _mean [256]
dy_parameter 139885761765536 _variance [256]
dy_parameter 139885761766152 weight [18, 256, 3, 3]
dy_parameter 139885761766152 bias [18]
dy_parameter 139885761766416 weight [256, 256, 3, 3]
dy_parameter 139885761766504 weight [256]
dy_parameter 139885761766504 bias [256]
dy_parameter 139885761766504 _mean [256]
dy_parameter 139885761766504 _variance [256]
dy_parameter 139885761767120 weight [2, 256, 1, 1]
dy_parameter 139885761767120 bias [2]
dy_parameter 139885761767384 weight [1024, 256, 1, 1]
dy_parameter 139885761767472 weight [1024]
dy_parameter 139885761767472 bias [1024]
dy_parameter 139885761767472 _mean [1024]
dy_parameter 139885761767472 _variance [1024]
dy_parameter 139885761768176 weight [2, 1024, 1, 1]
dy_parameter 139885761768176 bias [2]
dy_parameter 139885761768440 weight [256, 1024, 1, 1]
dy_parameter 139885761768528 weight [256]
dy_parameter 139885761768528 bias [256]
dy_parameter 139885761768528 _mean [256]
dy_parameter 139885761768528 _variance [256]
dy_parameter 139885761769144 weight [18, 256, 3, 3]
dy_parameter 139885761769144 bias [18]
dy_parameter 139885761769408 weight [256, 256, 3, 3]
dy_parameter 139885761847456 weight [256]
dy_parameter 139885761847456 bias [256]
dy_parameter 139885761847456 _mean [256]
dy_parameter 139885761847456 _variance [256]
dy_parameter 139885761847984 weight [2, 256, 1, 1]
dy_parameter 139885761847984 bias [2]
dy_parameter 139885761848248 weight [1024, 256, 1, 1]
dy_parameter 139885761848336 weight [1024]
dy_parameter 139885761848336 bias [1024]
dy_parameter 139885761848336 _mean [1024]
dy_parameter 139885761848336 _variance [1024]
dy_parameter 139885761849040 weight [2, 1024, 1, 1]
dy_parameter 139885761849040 bias [2]
dy_parameter 139885761849304 weight [256, 1024, 1, 1]
dy_parameter 139885761849392 weight [256]
dy_parameter 139885761849392 bias [256]
dy_parameter 139885761849392 _mean [256]
dy_parameter 139885761849392 _variance [256]
dy_parameter 139885761850008 weight [18, 256, 3, 3]
dy_parameter 139885761850008 bias [18]
dy_parameter 139885761850272 weight [256, 256, 3, 3]
dy_parameter 139885761850360 weight [256]
dy_parameter 139885761850360 bias [256]
dy_parameter 139885761850360 _mean [256]
dy_parameter 139885761850360 _variance [256]
dy_parameter 139885761850976 weight [2, 256, 1, 1]
dy_parameter 139885761850976 bias [2]
dy_parameter 139885761851240 weight [1024, 256, 1, 1]
dy_parameter 139885761945672 weight [1024]
dy_parameter 139885761945672 bias [1024]
dy_parameter 139885761945672 _mean [1024]
dy_parameter 139885761945672 _variance [1024]
dy_parameter 139885761946288 weight [2, 1024, 1, 1]
dy_parameter 139885761946288 bias [2]
dy_parameter 139885761946552 weight [256, 1024, 1, 1]
dy_parameter 139885761946640 weight [256]
dy_parameter 139885761946640 bias [256]
dy_parameter 139885761946640 _mean [256]
dy_parameter 139885761946640 _variance [256]
dy_parameter 139885761947256 weight [18, 256, 3, 3]
dy_parameter 139885761947256 bias [18]
dy_parameter 139885761947520 weight [256, 256, 3, 3]
dy_parameter 139885761947608 weight [256]
dy_parameter 139885761947608 bias [256]
dy_parameter 139885761947608 _mean [256]
dy_parameter 139885761947608 _variance [256]
dy_parameter 139885761948224 weight [2, 256, 1, 1]
dy_parameter 139885761948224 bias [2]
dy_parameter 139885761948488 weight [1024, 256, 1, 1]
dy_parameter 139885761948576 weight [1024]
dy_parameter 139885761948576 bias [1024]
dy_parameter 139885761948576 _mean [1024]
dy_parameter 139885761948576 _variance [1024]
dy_parameter 139885761949280 weight [2, 1024, 1, 1]
dy_parameter 139885761949280 bias [2]
dy_parameter 139885761949544 weight [256, 1024, 1, 1]
dy_parameter 139885761511496 weight [256]
dy_parameter 139885761511496 bias [256]
dy_parameter 139885761511496 _mean [256]
dy_parameter 139885761511496 _variance [256]
dy_parameter 139885761512024 weight [18, 256, 3, 3]
dy_parameter 139885761512024 bias [18]
dy_parameter 139885761512288 weight [256, 256, 3, 3]
dy_parameter 139885761512376 weight [256]
dy_parameter 139885761512376 bias [256]
dy_parameter 139885761512376 _mean [256]
dy_parameter 139885761512376 _variance [256]
dy_parameter 139885761512992 weight [2, 256, 1, 1]
dy_parameter 139885761512992 bias [2]
dy_parameter 139885761513256 weight [1024, 256, 1, 1]
dy_parameter 139885761513344 weight [1024]
dy_parameter 139885761513344 bias [1024]
dy_parameter 139885761513344 _mean [1024]
dy_parameter 139885761513344 _variance [1024]
dy_parameter 139885761514048 weight [2, 1024, 1, 1]
dy_parameter 139885761514048 bias [2]
dy_parameter 139885761514312 weight [256, 1024, 1, 1]
dy_parameter 139885761514400 weight [256]
dy_parameter 139885761514400 bias [256]
dy_parameter 139885761514400 _mean [256]
dy_parameter 139885761514400 _variance [256]
dy_parameter 139885761515016 weight [18, 256, 3, 3]
dy_parameter 139885761515016 bias [18]
dy_parameter 139885761515280 weight [256, 256, 3, 3]
dy_parameter 139885761515368 weight [256]
dy_parameter 139885761515368 bias [256]
dy_parameter 139885761515368 _mean [256]
dy_parameter 139885761515368 _variance [256]
dy_parameter 139885761602048 weight [2, 256, 1, 1]
dy_parameter 139885761602048 bias [2]
dy_parameter 139885761602312 weight [1024, 256, 1, 1]
dy_parameter 139885761602400 weight [1024]
dy_parameter 139885761602400 bias [1024]
dy_parameter 139885761602400 _mean [1024]
dy_parameter 139885761602400 _variance [1024]
dy_parameter 139885761603192 weight [2, 1024, 1, 1]
dy_parameter 139885761603192 bias [2]
dy_parameter 139885761603456 weight [2048, 1024, 1, 1]
dy_parameter 139885761603544 weight [2048]
dy_parameter 139885761603544 bias [2048]
dy_parameter 139885761603544 _mean [2048]
dy_parameter 139885761603544 _variance [2048]
dy_parameter 139885761604160 weight [2, 1024, 1, 1]
dy_parameter 139885761604160 bias [2]
dy_parameter 139885761604424 weight [512, 1024, 1, 1]
dy_parameter 139885761604512 weight [512]
dy_parameter 139885761604512 bias [512]
dy_parameter 139885761604512 _mean [512]
dy_parameter 139885761604512 _variance [512]
dy_parameter 139885761605128 weight [18, 512, 3, 3]
dy_parameter 139885761605128 bias [18]
dy_parameter 139885761605392 weight [512, 512, 3, 3]
dy_parameter 139885761605480 weight [512]
dy_parameter 139885761605480 bias [512]
dy_parameter 139885761605480 _mean [512]
dy_parameter 139885761605480 _variance [512]
dy_parameter 139885761692160 weight [2, 512, 1, 1]
dy_parameter 139885761692160 bias [2]
dy_parameter 139885761692424 weight [2048, 512, 1, 1]
dy_parameter 139885761692512 weight [2048]
dy_parameter 139885761692512 bias [2048]
dy_parameter 139885761692512 _mean [2048]
dy_parameter 139885761692512 _variance [2048]
dy_parameter 139885761693216 weight [2, 2048, 1, 1]
dy_parameter 139885761693216 bias [2]
dy_parameter 139885761693480 weight [512, 2048, 1, 1]
dy_parameter 139885761693568 weight [512]
dy_parameter 139885761693568 bias [512]
dy_parameter 139885761693568 _mean [512]
dy_parameter 139885761693568 _variance [512]
dy_parameter 139885761694184 weight [18, 512, 3, 3]
dy_parameter 139885761694184 bias [18]
dy_parameter 139885761694448 weight [512, 512, 3, 3]
dy_parameter 139885761694536 weight [512]
dy_parameter 139885761694536 bias [512]
dy_parameter 139885761694536 _mean [512]
dy_parameter 139885761694536 _variance [512]
dy_parameter 139885761695152 weight [2, 512, 1, 1]
dy_parameter 139885761695152 bias [2]
dy_parameter 139885761695416 weight [2048, 512, 1, 1]
dy_parameter 139885761695504 weight [2048]
dy_parameter 139885761695504 bias [2048]
dy_parameter 139885761695504 _mean [2048]
dy_parameter 139885761695504 _variance [2048]
dy_parameter 139885761262080 weight [2, 2048, 1, 1]
dy_parameter 139885761262080 bias [2]
dy_parameter 139885761262344 weight [512, 2048, 1, 1]
dy_parameter 139885761262432 weight [512]
dy_parameter 139885761262432 bias [512]
dy_parameter 139885761262432 _mean [512]
dy_parameter 139885761262432 _variance [512]
dy_parameter 139885761263048 weight [18, 512, 3, 3]
dy_parameter 139885761263048 bias [18]
dy_parameter 139885761263312 weight [512, 512, 3, 3]
dy_parameter 139885761263400 weight [512]
dy_parameter 139885761263400 bias [512]
dy_parameter 139885761263400 _mean [512]
dy_parameter 139885761263400 _variance [512]
dy_parameter 139885761264016 weight [2, 512, 1, 1]
dy_parameter 139885761264016 bias [2]
dy_parameter 139885761264280 weight [2048, 512, 1, 1]
dy_parameter 139885761264368 weight [2048]
dy_parameter 139885761264368 bias [2048]
dy_parameter 139885761264368 _mean [2048]
dy_parameter 139885761264368 _variance [2048]
before fpn
ee [1, 256, 96, 160] 2622193100000.0
ee [1, 512, 48, 80] 1.3403928e+17
ee [1, 1024, 24, 40] 1.4412953e+24
ee [1, 2048, 12, 20] 4.4901477e+29
dy_parameter 139885761264984 weight [64, 256, 1, 1]
dy_parameter 139885761264984 bias [64]
dy_parameter 139885761265336 weight [64, 512, 1, 1]
dy_parameter 139885761265336 bias [64]
dy_parameter 139885761351928 weight [64, 1024, 1, 1]
dy_parameter 139885761351928 bias [64]
dy_parameter 139885761352456 weight [64, 2048, 1, 1]
dy_parameter 139885761352456 bias [64]
dy_parameter 139885761265072 weight [64, 64, 3, 3]
dy_parameter 139885761265072 bias [64]
dy_parameter 139885761351752 weight [64, 64, 3, 3]
dy_parameter 139885761351752 bias [64]
dy_parameter 139885761352192 weight [64, 64, 3, 3]
dy_parameter 139885761352192 bias [64]
dy_parameter 139885761352720 weight [64, 64, 3, 3]
dy_parameter 139885761352720 bias [64]
dy_parameter 139885761353248 weight [64, 64, 3, 3]
dy_parameter 139885761353248 bias [64]
dy_parameter 139885761353248 weight [64, 64, 3, 3]
dy_parameter 139885761353248 bias [64]
dy_parameter 139885761353248 weight [64, 64, 3, 3]
dy_parameter 139885761353248 bias [64]
dy_parameter 139885761353248 weight [64, 64, 3, 3]
dy_parameter 139885761353248 bias [64]
dy_parameter 139885761353248 weight [64, 64, 3, 3]
dy_parameter 139885761353248 bias [64]
dy_parameter 139885761353600 weight [3, 64, 1, 1]
dy_parameter 139885761353600 bias [3]
dy_parameter 139885761353864 weight [12, 64, 1, 1]
dy_parameter 139885761353864 bias [12]
dy_parameter 139885761353600 weight [3, 64, 1, 1]
dy_parameter 139885761353600 bias [3]
dy_parameter 139885761353864 weight [12, 64, 1, 1]
dy_parameter 139885761353864 bias [12]
dy_parameter 139885761353600 weight [3, 64, 1, 1]
dy_parameter 139885761353600 bias [3]
dy_parameter 139885761353864 weight [12, 64, 1, 1]
dy_parameter 139885761353864 bias [12]
dy_parameter 139885761353600 weight [3, 64, 1, 1]
dy_parameter 139885761353600 bias [3]
dy_parameter 139885761353864 weight [12, 64, 1, 1]
dy_parameter 139885761353864 bias [12]
dy_parameter 139885761353600 weight [3, 64, 1, 1]
dy_parameter 139885761353600 bias [3]
dy_parameter 139885761353864 weight [12, 64, 1, 1]
dy_parameter 139885761353864 bias [12]
get fet [19, 64, 7, 7]
get fet [0, 64, 7, 7]
get fet [0, 64, 7, 7]
get fet [0, 64, 7, 7]
dy_parameter 139885761354216 weight [3136, 1024]
dy_parameter 139885761354216 bias [1024]
dy_parameter 139885761354568 weight [1024, 1024]
dy_parameter 139885761354568 bias [1024]
dy_parameter 139885761355096 weight [1024, 81]
dy_parameter 139885761355096 bias [81]
dy_parameter 139885761355360 weight [1024, 324]
dy_parameter 139885761355360 bias [324]
2020-12-09 02:55:24,780-INFO: Eval iter: 0
2020-12-09 02:55:24,833-INFO: Total sample number: 4, averge FPS: 6.103184950642578
2020-12-09 02:55:24,835-INFO: Load categories from /paddle/dataset/coco/annotations/instances_train2017_391895.json
2020-12-09 02:55:25,028-INFO: finding looplift candidates
2020-12-09 02:55:26,498-INFO: The bbox result is saved to bbox.json.
2020-12-09 02:55:26,499-INFO: Start evaluate...
loading annotations into memory...
Done (t=0.00s)
creating index...
index created!
loading annotations into memory...
Done (t=0.00s)
creating index...
index created!
Loading and preparing results...
Traceback (most recent call last):
  File "tools/eval.py", line 125, in <module>
    main()
  File "tools/eval.py", line 121, in main
    run(FLAGS, cfg, place)
  File "tools/eval.py", line 107, in run
    eval_results(infer_res, cfg.metric, anno_file)
  File "/paddle/code/convert_1208/PaddleDetection/ppdet/utils/eval_utils.py", line 80, in eval_results
    bbox_stats = cocoapi_eval('bbox.json', 'bbox', anno_file=anno_file)
  File "/paddle/code/convert_1208/PaddleDetection/ppdet/utils/coco_eval.py", line 188, in cocoapi_eval
    coco_dt = coco_gt.loadRes(jsonfile)
  File "/usr/local/lib/python3.7/site-packages/pycocotools/coco.py", line 328, in loadRes
    if 'caption' in anns[0]:
IndexError: list index out of range
